2022-10-12 09:34:28,218 [main] [org.springframework.test.context.support.DefaultTestContextBootstrapper] [INFO] - Loaded default TestExecutionListener class names from location [META-INF/spring.factories]: [org.springframework.test.context.web.ServletTestExecutionListener, org.springframework.test.context.support.DirtiesContextBeforeModesTestExecutionListener, org.springframework.test.context.support.DependencyInjectionTestExecutionListener, org.springframework.test.context.support.DirtiesContextTestExecutionListener, org.springframework.test.context.transaction.TransactionalTestExecutionListener, org.springframework.test.context.jdbc.SqlScriptsTestExecutionListener]
2022-10-12 09:34:28,245 [main] [org.springframework.test.context.support.DefaultTestContextBootstrapper] [INFO] - Using TestExecutionListeners: [org.springframework.test.context.web.ServletTestExecutionListener@13deb50e, org.springframework.test.context.support.DirtiesContextBeforeModesTestExecutionListener@239963d8, org.springframework.test.context.support.DependencyInjectionTestExecutionListener@3abbfa04, org.springframework.test.context.support.DirtiesContextTestExecutionListener@57fffcd7, org.springframework.test.context.transaction.TransactionalTestExecutionListener@31ef45e3, org.springframework.test.context.jdbc.SqlScriptsTestExecutionListener@598067a5]
2022-10-12 09:34:28,341 [main] [org.springframework.beans.factory.xml.XmlBeanDefinitionReader] [INFO] - Loading XML bean definitions from class path resource [spring-context.xml]
2022-10-12 09:34:28,592 [main] [org.springframework.beans.factory.xml.XmlBeanDefinitionReader] [INFO] - Loading XML bean definitions from class path resource [spring-mongo.xml]
2022-10-12 09:34:28,720 [main] [org.springframework.beans.factory.xml.XmlBeanDefinitionReader] [INFO] - Loading XML bean definitions from class path resource [spring-mybatis.xml]
2022-10-12 09:34:28,755 [main] [org.springframework.beans.factory.xml.XmlBeanDefinitionReader] [INFO] - Loading XML bean definitions from class path resource [provider.xml]
2022-10-12 09:34:28,821 [main] [com.alibaba.dubbo.common.logger.LoggerFactory] [INFO] - using logger: com.alibaba.dubbo.common.logger.log4j.Log4jLoggerAdapter
2022-10-12 09:34:29,048 [main] [org.springframework.context.support.GenericApplicationContext] [INFO] - Refreshing org.springframework.context.support.GenericApplicationContext@1d16f93d: startup date [Wed Oct 12 09:34:29 CST 2022]; root of context hierarchy
2022-10-12 09:34:29,275 [main] [org.springframework.beans.factory.support.DefaultListableBeanFactory] [INFO] - Overriding bean definition for bean 'org.springframework.context.annotation.internalScheduledAnnotationProcessor' with a different definition: replacing [Generic bean: class [org.springframework.scheduling.annotation.ScheduledAnnotationBeanPostProcessor]; scope=; abstract=false; lazyInit=false; autowireMode=0; dependencyCheck=0; autowireCandidate=true; primary=false; factoryBeanName=null; factoryMethodName=null; initMethodName=null; destroyMethodName=null] with [Root bean: class [null]; scope=; abstract=false; lazyInit=false; autowireMode=3; dependencyCheck=0; autowireCandidate=true; primary=false; factoryBeanName=org.springframework.scheduling.annotation.SchedulingConfiguration; factoryMethodName=scheduledAnnotationProcessor; initMethodName=null; destroyMethodName=(inferred); defined in class path resource [org/springframework/scheduling/annotation/SchedulingConfiguration.class]]
2022-10-12 09:34:35,270 [main] [org.springframework.context.support.GenericApplicationContext] [WARN] - Exception encountered during context initialization - cancelling refresh attempt: org.springframework.beans.factory.BeanCreationException: Error creating bean with name 'mongoTemplate' defined in class path resource [spring-mongo.xml]: Bean instantiation via constructor failed; nested exception is org.springframework.beans.BeanInstantiationException: Failed to instantiate [org.springframework.data.mongodb.core.MongoTemplate]: Constructor threw exception; nested exception is java.lang.NoSuchMethodError: org.springframework.core.convert.support.ConversionServiceFactory.createDefaultConversionService()Lorg/springframework/core/convert/support/GenericConversionService;
2022-10-12 09:34:35,277 [main] [org.springframework.test.context.TestContextManager] [ERROR] - Caught exception while allowing TestExecutionListener [org.springframework.test.context.support.DependencyInjectionTestExecutionListener@3abbfa04] to prepare test instance [aop.AOPTest@3d2ee678]
java.lang.IllegalStateException: Failed to load ApplicationContext
	at org.springframework.test.context.cache.DefaultCacheAwareContextLoaderDelegate.loadContext(DefaultCacheAwareContextLoaderDelegate.java:124)
	at org.springframework.test.context.support.DefaultTestContext.getApplicationContext(DefaultTestContext.java:83)
	at org.springframework.test.context.support.DependencyInjectionTestExecutionListener.injectDependencies(DependencyInjectionTestExecutionListener.java:117)
	at org.springframework.test.context.support.DependencyInjectionTestExecutionListener.prepareTestInstance(DependencyInjectionTestExecutionListener.java:83)
	at org.springframework.test.context.TestContextManager.prepareTestInstance(TestContextManager.java:230)
	at org.springframework.test.context.junit4.SpringJUnit4ClassRunner.createTest(SpringJUnit4ClassRunner.java:228)
	at org.springframework.test.context.junit4.SpringJUnit4ClassRunner$1.runReflectiveCall(SpringJUnit4ClassRunner.java:287)
	at org.junit.internal.runners.model.ReflectiveCallable.run(ReflectiveCallable.java:12)
	at org.springframework.test.context.junit4.SpringJUnit4ClassRunner.methodBlock(SpringJUnit4ClassRunner.java:289)
	at org.springframework.test.context.junit4.SpringJUnit4ClassRunner.runChild(SpringJUnit4ClassRunner.java:247)
	at org.springframework.test.context.junit4.SpringJUnit4ClassRunner.runChild(SpringJUnit4ClassRunner.java:94)
	at org.junit.runners.ParentRunner$3.run(ParentRunner.java:290)
	at org.junit.runners.ParentRunner$1.schedule(ParentRunner.java:71)
	at org.junit.runners.ParentRunner.runChildren(ParentRunner.java:288)
	at org.junit.runners.ParentRunner.access$000(ParentRunner.java:58)
	at org.junit.runners.ParentRunner$2.evaluate(ParentRunner.java:268)
	at org.springframework.test.context.junit4.statements.RunBeforeTestClassCallbacks.evaluate(RunBeforeTestClassCallbacks.java:61)
	at org.springframework.test.context.junit4.statements.RunAfterTestClassCallbacks.evaluate(RunAfterTestClassCallbacks.java:70)
	at org.junit.runners.ParentRunner.run(ParentRunner.java:363)
	at org.springframework.test.context.junit4.SpringJUnit4ClassRunner.run(SpringJUnit4ClassRunner.java:191)
	at org.junit.runner.JUnitCore.run(JUnitCore.java:137)
	at com.intellij.junit4.JUnit4IdeaTestRunner.startRunnerWithArgs(JUnit4IdeaTestRunner.java:69)
	at com.intellij.rt.junit.IdeaTestRunner$Repeater.startRunnerWithArgs(IdeaTestRunner.java:33)
	at com.intellij.rt.junit.JUnitStarter.prepareStreamsAndStart(JUnitStarter.java:235)
	at com.intellij.rt.junit.JUnitStarter.main(JUnitStarter.java:54)
Caused by: org.springframework.beans.factory.BeanCreationException: Error creating bean with name 'mongoTemplate' defined in class path resource [spring-mongo.xml]: Bean instantiation via constructor failed; nested exception is org.springframework.beans.BeanInstantiationException: Failed to instantiate [org.springframework.data.mongodb.core.MongoTemplate]: Constructor threw exception; nested exception is java.lang.NoSuchMethodError: org.springframework.core.convert.support.ConversionServiceFactory.createDefaultConversionService()Lorg/springframework/core/convert/support/GenericConversionService;
	at org.springframework.beans.factory.support.ConstructorResolver.autowireConstructor(ConstructorResolver.java:279)
	at org.springframework.beans.factory.support.AbstractAutowireCapableBeanFactory.autowireConstructor(AbstractAutowireCapableBeanFactory.java:1201)
	at org.springframework.beans.factory.support.AbstractAutowireCapableBeanFactory.createBeanInstance(AbstractAutowireCapableBeanFactory.java:1103)
	at org.springframework.beans.factory.support.AbstractAutowireCapableBeanFactory.doCreateBean(AbstractAutowireCapableBeanFactory.java:513)
	at org.springframework.beans.factory.support.AbstractAutowireCapableBeanFactory.createBean(AbstractAutowireCapableBeanFactory.java:483)
	at org.springframework.beans.factory.support.AbstractBeanFactory$1.getObject(AbstractBeanFactory.java:312)
	at org.springframework.beans.factory.support.DefaultSingletonBeanRegistry.getSingleton(DefaultSingletonBeanRegistry.java:230)
	at org.springframework.beans.factory.support.AbstractBeanFactory.doGetBean(AbstractBeanFactory.java:308)
	at org.springframework.beans.factory.support.AbstractBeanFactory.getBean(AbstractBeanFactory.java:197)
	at org.springframework.beans.factory.support.DefaultListableBeanFactory.preInstantiateSingletons(DefaultListableBeanFactory.java:761)
	at org.springframework.context.support.AbstractApplicationContext.finishBeanFactoryInitialization(AbstractApplicationContext.java:867)
	at org.springframework.context.support.AbstractApplicationContext.refresh(AbstractApplicationContext.java:543)
	at org.springframework.test.context.support.AbstractGenericContextLoader.loadContext(AbstractGenericContextLoader.java:128)
	at org.springframework.test.context.support.AbstractGenericContextLoader.loadContext(AbstractGenericContextLoader.java:60)
	at org.springframework.test.context.support.AbstractDelegatingSmartContextLoader.delegateLoading(AbstractDelegatingSmartContextLoader.java:106)
	at org.springframework.test.context.support.AbstractDelegatingSmartContextLoader.loadContext(AbstractDelegatingSmartContextLoader.java:249)
	at org.springframework.test.context.cache.DefaultCacheAwareContextLoaderDelegate.loadContextInternal(DefaultCacheAwareContextLoaderDelegate.java:98)
	at org.springframework.test.context.cache.DefaultCacheAwareContextLoaderDelegate.loadContext(DefaultCacheAwareContextLoaderDelegate.java:116)
	... 24 more
Caused by: org.springframework.beans.BeanInstantiationException: Failed to instantiate [org.springframework.data.mongodb.core.MongoTemplate]: Constructor threw exception; nested exception is java.lang.NoSuchMethodError: org.springframework.core.convert.support.ConversionServiceFactory.createDefaultConversionService()Lorg/springframework/core/convert/support/GenericConversionService;
	at org.springframework.beans.BeanUtils.instantiateClass(BeanUtils.java:154)
	at org.springframework.beans.factory.support.SimpleInstantiationStrategy.instantiate(SimpleInstantiationStrategy.java:122)
	at org.springframework.beans.factory.support.ConstructorResolver.autowireConstructor(ConstructorResolver.java:271)
	... 41 more
Caused by: java.lang.NoSuchMethodError: org.springframework.core.convert.support.ConversionServiceFactory.createDefaultConversionService()Lorg/springframework/core/convert/support/GenericConversionService;
	at org.springframework.data.mongodb.core.convert.MappingMongoConverter.<init>(MappingMongoConverter.java:100)
	at org.springframework.data.mongodb.core.MongoTemplate.getDefaultMongoConverter(MongoTemplate.java:1691)
	at org.springframework.data.mongodb.core.MongoTemplate.<init>(MongoTemplate.java:189)
	at org.springframework.data.mongodb.core.MongoTemplate.<init>(MongoTemplate.java:175)
	at sun.reflect.NativeConstructorAccessorImpl.newInstance0(Native Method)
	at sun.reflect.NativeConstructorAccessorImpl.newInstance(NativeConstructorAccessorImpl.java:62)
	at sun.reflect.DelegatingConstructorAccessorImpl.newInstance(DelegatingConstructorAccessorImpl.java:45)
	at java.lang.reflect.Constructor.newInstance(Constructor.java:423)
	at org.springframework.beans.BeanUtils.instantiateClass(BeanUtils.java:142)
	... 43 more
