2017-05-26 13:36:03,171 [main] [org.springframework.beans.factory.xml.XmlBeanDefinitionReader] [INFO] - Loading XML bean definitions from class path resource [spring-context.xml]
2017-05-26 13:36:03,497 [main] [org.springframework.beans.factory.xml.XmlBeanDefinitionReader] [INFO] - Loading XML bean definitions from class path resource [mongodb-context.xml]
2017-05-26 13:36:03,719 [main] [org.springframework.context.support.GenericApplicationContext] [INFO] - Refreshing org.springframework.context.support.GenericApplicationContext@39aeed2f: startup date [Fri May 26 13:36:03 CST 2017]; root of context hierarchy
2017-05-26 13:36:03,900 [main] [org.springframework.context.support.PropertySourcesPlaceholderConfigurer] [INFO] - Loading properties file from class path resource [mongo.properties]
2017-05-26 13:36:04,110 [main] [org.springframework.context.support.GenericApplicationContext] [INFO] - Bean 'java.util.concurrent.ThreadPoolExecutor$CallerRunsPolicy#36f0f1be' of type [class java.util.concurrent.ThreadPoolExecutor$CallerRunsPolicy] is not eligible for getting processed by all BeanPostProcessors (for example: not eligible for auto-proxying)
2017-05-26 13:36:04,110 [main] [org.springframework.scheduling.concurrent.ThreadPoolTaskScheduler] [INFO] - Initializing ExecutorService  'springTask'
2017-05-26 13:36:04,113 [main] [org.springframework.context.support.GenericApplicationContext] [INFO] - Bean 'springTask' of type [class org.springframework.scheduling.concurrent.ThreadPoolTaskScheduler] is not eligible for getting processed by all BeanPostProcessors (for example: not eligible for auto-proxying)
2017-05-26 13:36:04,127 [main] [org.springframework.beans.factory.support.DefaultListableBeanFactory] [INFO] - Pre-instantiating singletons in org.springframework.beans.factory.support.DefaultListableBeanFactory@5af97850: defining beans [doInit,org.springframework.aop.config.internalAutoProxyCreator,sleep,sleepHelper,org.springframework.context.support.PropertySourcesPlaceholderConfigurer#0,mongo,org.springframework.beans.factory.config.CustomEditorConfigurer#0,org.springframework.beans.factory.config.CustomEditorConfigurer#1,org.springframework.beans.factory.config.CustomEditorConfigurer#2,mongoDbFactory,mongoTemplate,userDao,homeController,org.springframework.context.annotation.internalConfigurationAnnotationProcessor,org.springframework.context.annotation.internalAutowiredAnnotationProcessor,org.springframework.context.annotation.internalRequiredAnnotationProcessor,org.springframework.context.annotation.internalCommonAnnotationProcessor,springTaskManager,org.springframework.context.annotation.internalAsyncAnnotationProcessor,org.springframework.context.annotation.internalScheduledAnnotationProcessor,springTask,org.springframework.context.annotation.ConfigurationClassPostProcessor.importAwareProcessor]; root of factory hierarchy
2017-05-26 13:36:05,410 [main] [org.springframework.beans.factory.support.DefaultListableBeanFactory] [INFO] - Destroying singletons in org.springframework.beans.factory.support.DefaultListableBeanFactory@5af97850: defining beans [doInit,org.springframework.aop.config.internalAutoProxyCreator,sleep,sleepHelper,org.springframework.context.support.PropertySourcesPlaceholderConfigurer#0,mongo,org.springframework.beans.factory.config.CustomEditorConfigurer#0,org.springframework.beans.factory.config.CustomEditorConfigurer#1,org.springframework.beans.factory.config.CustomEditorConfigurer#2,mongoDbFactory,mongoTemplate,userDao,homeController,org.springframework.context.annotation.internalConfigurationAnnotationProcessor,org.springframework.context.annotation.internalAutowiredAnnotationProcessor,org.springframework.context.annotation.internalRequiredAnnotationProcessor,org.springframework.context.annotation.internalCommonAnnotationProcessor,springTaskManager,org.springframework.context.annotation.internalAsyncAnnotationProcessor,org.springframework.context.annotation.internalScheduledAnnotationProcessor,springTask,org.springframework.context.annotation.ConfigurationClassPostProcessor.importAwareProcessor]; root of factory hierarchy
2017-05-26 13:36:05,479 [main] [org.springframework.scheduling.concurrent.ThreadPoolTaskScheduler] [INFO] - Shutting down ExecutorService 'springTask'
2017-05-26 13:36:05,481 [main] [org.springframework.test.context.TestContextManager] [ERROR] - Caught exception while allowing TestExecutionListener [org.springframework.test.context.support.DependencyInjectionTestExecutionListener@239a307b] to prepare test instance [aop.AOPTest@2a8448fa]
java.lang.IllegalStateException: Failed to load ApplicationContext
	at org.springframework.test.context.CacheAwareContextLoaderDelegate.loadContext(CacheAwareContextLoaderDelegate.java:99)
	at org.springframework.test.context.TestContext.getApplicationContext(TestContext.java:122)
	at org.springframework.test.context.support.DependencyInjectionTestExecutionListener.injectDependencies(DependencyInjectionTestExecutionListener.java:109)
	at org.springframework.test.context.support.DependencyInjectionTestExecutionListener.prepareTestInstance(DependencyInjectionTestExecutionListener.java:75)
	at org.springframework.test.context.TestContextManager.prepareTestInstance(TestContextManager.java:307)
	at org.springframework.test.context.junit4.SpringJUnit4ClassRunner.createTest(SpringJUnit4ClassRunner.java:211)
	at org.springframework.test.context.junit4.SpringJUnit4ClassRunner$1.runReflectiveCall(SpringJUnit4ClassRunner.java:288)
	at org.junit.internal.runners.model.ReflectiveCallable.run(ReflectiveCallable.java:12)
	at org.springframework.test.context.junit4.SpringJUnit4ClassRunner.methodBlock(SpringJUnit4ClassRunner.java:284)
	at org.springframework.test.context.junit4.SpringJUnit4ClassRunner.runChild(SpringJUnit4ClassRunner.java:231)
	at org.springframework.test.context.junit4.SpringJUnit4ClassRunner.runChild(SpringJUnit4ClassRunner.java:88)
	at org.junit.runners.ParentRunner$3.run(ParentRunner.java:290)
	at org.junit.runners.ParentRunner$1.schedule(ParentRunner.java:71)
	at org.junit.runners.ParentRunner.runChildren(ParentRunner.java:288)
	at org.junit.runners.ParentRunner.access$000(ParentRunner.java:58)
	at org.junit.runners.ParentRunner$2.evaluate(ParentRunner.java:268)
	at org.springframework.test.context.junit4.statements.RunBeforeTestClassCallbacks.evaluate(RunBeforeTestClassCallbacks.java:61)
	at org.springframework.test.context.junit4.statements.RunAfterTestClassCallbacks.evaluate(RunAfterTestClassCallbacks.java:71)
	at org.junit.runners.ParentRunner.run(ParentRunner.java:363)
	at org.springframework.test.context.junit4.SpringJUnit4ClassRunner.run(SpringJUnit4ClassRunner.java:174)
	at org.junit.runner.JUnitCore.run(JUnitCore.java:137)
	at com.intellij.junit4.JUnit4IdeaTestRunner.startRunnerWithArgs(JUnit4IdeaTestRunner.java:117)
	at com.intellij.junit4.JUnit4IdeaTestRunner.startRunnerWithArgs(JUnit4IdeaTestRunner.java:42)
	at com.intellij.rt.execution.junit.JUnitStarter.prepareStreamsAndStart(JUnitStarter.java:262)
	at com.intellij.rt.execution.junit.JUnitStarter.main(JUnitStarter.java:84)
	at sun.reflect.NativeMethodAccessorImpl.invoke0(Native Method)
	at sun.reflect.NativeMethodAccessorImpl.invoke(NativeMethodAccessorImpl.java:62)
	at sun.reflect.DelegatingMethodAccessorImpl.invoke(DelegatingMethodAccessorImpl.java:43)
	at java.lang.reflect.Method.invoke(Method.java:498)
	at com.intellij.rt.execution.application.AppMain.main(AppMain.java:147)
Caused by: org.springframework.beans.factory.UnsatisfiedDependencyException: Error creating bean with name 'mongoTemplate' defined in class path resource [mongodb-context.xml]: Unsatisfied dependency expressed through constructor argument with index 0 of type [org.springframework.data.mongodb.MongoDbFactory]: Could not convert constructor argument value of type [java.lang.String] to required type [org.springframework.data.mongodb.MongoDbFactory]: Failed to convert value of type 'java.lang.String' to required type 'org.springframework.data.mongodb.MongoDbFactory'; nested exception is java.lang.IllegalStateException: Cannot convert value of type [java.lang.String] to required type [org.springframework.data.mongodb.MongoDbFactory]: no matching editors or conversion strategy found
Related cause: org.springframework.beans.factory.UnsatisfiedDependencyException: Error creating bean with name 'mongoTemplate' defined in class path resource [mongodb-context.xml]: Unsatisfied dependency expressed through constructor argument with index 0 of type [com.mongodb.Mongo]: Ambiguous constructor argument types - did you specify the correct bean references as constructor arguments?
Related cause: org.springframework.beans.factory.UnsatisfiedDependencyException: Error creating bean with name 'mongoTemplate' defined in class path resource [mongodb-context.xml]: Unsatisfied dependency expressed through constructor argument with index 0 of type [org.springframework.data.mongodb.MongoDbFactory]: Could not convert constructor argument value of type [java.lang.String] to required type [org.springframework.data.mongodb.MongoDbFactory]: Failed to convert value of type 'java.lang.String' to required type 'org.springframework.data.mongodb.MongoDbFactory'; nested exception is java.lang.IllegalStateException: Cannot convert value of type [java.lang.String] to required type [org.springframework.data.mongodb.MongoDbFactory]: no matching editors or conversion strategy found
	at org.springframework.beans.factory.support.ConstructorResolver.createArgumentArray(ConstructorResolver.java:718)
	at org.springframework.beans.factory.support.ConstructorResolver.autowireConstructor(ConstructorResolver.java:193)
	at org.springframework.beans.factory.support.AbstractAutowireCapableBeanFactory.autowireConstructor(AbstractAutowireCapableBeanFactory.java:1075)
	at org.springframework.beans.factory.support.AbstractAutowireCapableBeanFactory.createBeanInstance(AbstractAutowireCapableBeanFactory.java:979)
	at org.springframework.beans.factory.support.AbstractAutowireCapableBeanFactory.doCreateBean(AbstractAutowireCapableBeanFactory.java:487)
	at org.springframework.beans.factory.support.AbstractAutowireCapableBeanFactory.createBean(AbstractAutowireCapableBeanFactory.java:458)
	at org.springframework.beans.factory.support.AbstractBeanFactory$1.getObject(AbstractBeanFactory.java:296)
	at org.springframework.beans.factory.support.DefaultSingletonBeanRegistry.getSingleton(DefaultSingletonBeanRegistry.java:223)
	at org.springframework.beans.factory.support.AbstractBeanFactory.doGetBean(AbstractBeanFactory.java:293)
	at org.springframework.beans.factory.support.AbstractBeanFactory.getBean(AbstractBeanFactory.java:194)
	at org.springframework.beans.factory.support.DefaultListableBeanFactory.preInstantiateSingletons(DefaultListableBeanFactory.java:628)
	at org.springframework.context.support.AbstractApplicationContext.finishBeanFactoryInitialization(AbstractApplicationContext.java:932)
	at org.springframework.context.support.AbstractApplicationContext.refresh(AbstractApplicationContext.java:479)
	at org.springframework.test.context.support.AbstractGenericContextLoader.loadContext(AbstractGenericContextLoader.java:120)
	at org.springframework.test.context.support.AbstractGenericContextLoader.loadContext(AbstractGenericContextLoader.java:60)
	at org.springframework.test.context.support.AbstractDelegatingSmartContextLoader.delegateLoading(AbstractDelegatingSmartContextLoader.java:100)
	at org.springframework.test.context.support.AbstractDelegatingSmartContextLoader.loadContext(AbstractDelegatingSmartContextLoader.java:248)
	at org.springframework.test.context.CacheAwareContextLoaderDelegate.loadContextInternal(CacheAwareContextLoaderDelegate.java:64)
	at org.springframework.test.context.CacheAwareContextLoaderDelegate.loadContext(CacheAwareContextLoaderDelegate.java:91)
	... 29 more
2017-05-26 15:39:47,394 [main] [org.springframework.beans.factory.xml.XmlBeanDefinitionReader] [INFO] - Loading XML bean definitions from class path resource [spring-context.xml]
2017-05-26 15:39:47,856 [main] [org.springframework.beans.factory.xml.XmlBeanDefinitionReader] [INFO] - Loading XML bean definitions from class path resource [mongodb-context.xml]
2017-05-26 15:39:48,129 [main] [org.springframework.context.support.GenericApplicationContext] [INFO] - Refreshing org.springframework.context.support.GenericApplicationContext@d3a0c0b: startup date [Fri May 26 15:39:48 CST 2017]; root of context hierarchy
2017-05-26 15:39:48,286 [main] [org.springframework.context.support.PropertySourcesPlaceholderConfigurer] [INFO] - Loading properties file from class path resource [mongo.properties]
2017-05-26 15:39:48,402 [main] [org.springframework.context.support.GenericApplicationContext] [INFO] - Bean 'java.util.concurrent.ThreadPoolExecutor$CallerRunsPolicy#3ea41b5' of type [class java.util.concurrent.ThreadPoolExecutor$CallerRunsPolicy] is not eligible for getting processed by all BeanPostProcessors (for example: not eligible for auto-proxying)
2017-05-26 15:39:48,402 [main] [org.springframework.scheduling.concurrent.ThreadPoolTaskScheduler] [INFO] - Initializing ExecutorService  'springTask'
2017-05-26 15:39:48,403 [main] [org.springframework.context.support.GenericApplicationContext] [INFO] - Bean 'springTask' of type [class org.springframework.scheduling.concurrent.ThreadPoolTaskScheduler] is not eligible for getting processed by all BeanPostProcessors (for example: not eligible for auto-proxying)
2017-05-26 15:39:48,412 [main] [org.springframework.beans.factory.support.DefaultListableBeanFactory] [INFO] - Pre-instantiating singletons in org.springframework.beans.factory.support.DefaultListableBeanFactory@1134fada: defining beans [doInit,org.springframework.aop.config.internalAutoProxyCreator,sleep,sleepHelper,org.springframework.context.support.PropertySourcesPlaceholderConfigurer#0,mongo,org.springframework.beans.factory.config.CustomEditorConfigurer#0,org.springframework.beans.factory.config.CustomEditorConfigurer#1,org.springframework.beans.factory.config.CustomEditorConfigurer#2,mongoDbFactory,mongoTemplate,userDao,homeController,org.springframework.context.annotation.internalConfigurationAnnotationProcessor,org.springframework.context.annotation.internalAutowiredAnnotationProcessor,org.springframework.context.annotation.internalRequiredAnnotationProcessor,org.springframework.context.annotation.internalCommonAnnotationProcessor,springTaskManager,org.springframework.context.annotation.internalAsyncAnnotationProcessor,org.springframework.context.annotation.internalScheduledAnnotationProcessor,springTask,org.springframework.context.annotation.ConfigurationClassPostProcessor.importAwareProcessor]; root of factory hierarchy
2017-05-26 15:39:49,457 [main] [org.springframework.beans.factory.support.DefaultListableBeanFactory] [INFO] - Destroying singletons in org.springframework.beans.factory.support.DefaultListableBeanFactory@1134fada: defining beans [doInit,org.springframework.aop.config.internalAutoProxyCreator,sleep,sleepHelper,org.springframework.context.support.PropertySourcesPlaceholderConfigurer#0,mongo,org.springframework.beans.factory.config.CustomEditorConfigurer#0,org.springframework.beans.factory.config.CustomEditorConfigurer#1,org.springframework.beans.factory.config.CustomEditorConfigurer#2,mongoDbFactory,mongoTemplate,userDao,homeController,org.springframework.context.annotation.internalConfigurationAnnotationProcessor,org.springframework.context.annotation.internalAutowiredAnnotationProcessor,org.springframework.context.annotation.internalRequiredAnnotationProcessor,org.springframework.context.annotation.internalCommonAnnotationProcessor,springTaskManager,org.springframework.context.annotation.internalAsyncAnnotationProcessor,org.springframework.context.annotation.internalScheduledAnnotationProcessor,springTask,org.springframework.context.annotation.ConfigurationClassPostProcessor.importAwareProcessor]; root of factory hierarchy
2017-05-26 15:39:49,462 [main] [org.springframework.scheduling.concurrent.ThreadPoolTaskScheduler] [INFO] - Shutting down ExecutorService 'springTask'
2017-05-26 15:39:49,463 [main] [org.springframework.test.context.TestContextManager] [ERROR] - Caught exception while allowing TestExecutionListener [org.springframework.test.context.support.DependencyInjectionTestExecutionListener@411c5ec6] to prepare test instance [mongo.MongoTest@2d923a8f]
java.lang.IllegalStateException: Failed to load ApplicationContext
	at org.springframework.test.context.CacheAwareContextLoaderDelegate.loadContext(CacheAwareContextLoaderDelegate.java:99)
	at org.springframework.test.context.TestContext.getApplicationContext(TestContext.java:122)
	at org.springframework.test.context.support.DependencyInjectionTestExecutionListener.injectDependencies(DependencyInjectionTestExecutionListener.java:109)
	at org.springframework.test.context.support.DependencyInjectionTestExecutionListener.prepareTestInstance(DependencyInjectionTestExecutionListener.java:75)
	at org.springframework.test.context.TestContextManager.prepareTestInstance(TestContextManager.java:307)
	at org.springframework.test.context.junit4.SpringJUnit4ClassRunner.createTest(SpringJUnit4ClassRunner.java:211)
	at org.springframework.test.context.junit4.SpringJUnit4ClassRunner$1.runReflectiveCall(SpringJUnit4ClassRunner.java:288)
	at org.junit.internal.runners.model.ReflectiveCallable.run(ReflectiveCallable.java:12)
	at org.springframework.test.context.junit4.SpringJUnit4ClassRunner.methodBlock(SpringJUnit4ClassRunner.java:284)
	at org.springframework.test.context.junit4.SpringJUnit4ClassRunner.runChild(SpringJUnit4ClassRunner.java:231)
	at org.springframework.test.context.junit4.SpringJUnit4ClassRunner.runChild(SpringJUnit4ClassRunner.java:88)
	at org.junit.runners.ParentRunner$3.run(ParentRunner.java:290)
	at org.junit.runners.ParentRunner$1.schedule(ParentRunner.java:71)
	at org.junit.runners.ParentRunner.runChildren(ParentRunner.java:288)
	at org.junit.runners.ParentRunner.access$000(ParentRunner.java:58)
	at org.junit.runners.ParentRunner$2.evaluate(ParentRunner.java:268)
	at org.springframework.test.context.junit4.statements.RunBeforeTestClassCallbacks.evaluate(RunBeforeTestClassCallbacks.java:61)
	at org.springframework.test.context.junit4.statements.RunAfterTestClassCallbacks.evaluate(RunAfterTestClassCallbacks.java:71)
	at org.junit.runners.ParentRunner.run(ParentRunner.java:363)
	at org.springframework.test.context.junit4.SpringJUnit4ClassRunner.run(SpringJUnit4ClassRunner.java:174)
	at org.junit.runner.JUnitCore.run(JUnitCore.java:137)
	at com.intellij.junit4.JUnit4IdeaTestRunner.startRunnerWithArgs(JUnit4IdeaTestRunner.java:68)
	at com.intellij.rt.execution.junit.IdeaTestRunner$Repeater.startRunnerWithArgs(IdeaTestRunner.java:51)
	at com.intellij.rt.execution.junit.JUnitStarter.prepareStreamsAndStart(JUnitStarter.java:242)
	at com.intellij.rt.execution.junit.JUnitStarter.main(JUnitStarter.java:70)
Caused by: org.springframework.beans.factory.UnsatisfiedDependencyException: Error creating bean with name 'mongoTemplate' defined in class path resource [mongodb-context.xml]: Unsatisfied dependency expressed through constructor argument with index 0 of type [org.springframework.data.mongodb.MongoDbFactory]: Could not convert constructor argument value of type [java.lang.String] to required type [org.springframework.data.mongodb.MongoDbFactory]: Failed to convert value of type 'java.lang.String' to required type 'org.springframework.data.mongodb.MongoDbFactory'; nested exception is java.lang.IllegalStateException: Cannot convert value of type [java.lang.String] to required type [org.springframework.data.mongodb.MongoDbFactory]: no matching editors or conversion strategy found
Related cause: org.springframework.beans.factory.UnsatisfiedDependencyException: Error creating bean with name 'mongoTemplate' defined in class path resource [mongodb-context.xml]: Unsatisfied dependency expressed through constructor argument with index 0 of type [com.mongodb.Mongo]: Ambiguous constructor argument types - did you specify the correct bean references as constructor arguments?
Related cause: org.springframework.beans.factory.UnsatisfiedDependencyException: Error creating bean with name 'mongoTemplate' defined in class path resource [mongodb-context.xml]: Unsatisfied dependency expressed through constructor argument with index 0 of type [org.springframework.data.mongodb.MongoDbFactory]: Could not convert constructor argument value of type [java.lang.String] to required type [org.springframework.data.mongodb.MongoDbFactory]: Failed to convert value of type 'java.lang.String' to required type 'org.springframework.data.mongodb.MongoDbFactory'; nested exception is java.lang.IllegalStateException: Cannot convert value of type [java.lang.String] to required type [org.springframework.data.mongodb.MongoDbFactory]: no matching editors or conversion strategy found
	at org.springframework.beans.factory.support.ConstructorResolver.createArgumentArray(ConstructorResolver.java:718)
	at org.springframework.beans.factory.support.ConstructorResolver.autowireConstructor(ConstructorResolver.java:193)
	at org.springframework.beans.factory.support.AbstractAutowireCapableBeanFactory.autowireConstructor(AbstractAutowireCapableBeanFactory.java:1075)
	at org.springframework.beans.factory.support.AbstractAutowireCapableBeanFactory.createBeanInstance(AbstractAutowireCapableBeanFactory.java:979)
	at org.springframework.beans.factory.support.AbstractAutowireCapableBeanFactory.doCreateBean(AbstractAutowireCapableBeanFactory.java:487)
	at org.springframework.beans.factory.support.AbstractAutowireCapableBeanFactory.createBean(AbstractAutowireCapableBeanFactory.java:458)
	at org.springframework.beans.factory.support.AbstractBeanFactory$1.getObject(AbstractBeanFactory.java:296)
	at org.springframework.beans.factory.support.DefaultSingletonBeanRegistry.getSingleton(DefaultSingletonBeanRegistry.java:223)
	at org.springframework.beans.factory.support.AbstractBeanFactory.doGetBean(AbstractBeanFactory.java:293)
	at org.springframework.beans.factory.support.AbstractBeanFactory.getBean(AbstractBeanFactory.java:194)
	at org.springframework.beans.factory.support.DefaultListableBeanFactory.preInstantiateSingletons(DefaultListableBeanFactory.java:628)
	at org.springframework.context.support.AbstractApplicationContext.finishBeanFactoryInitialization(AbstractApplicationContext.java:932)
	at org.springframework.context.support.AbstractApplicationContext.refresh(AbstractApplicationContext.java:479)
	at org.springframework.test.context.support.AbstractGenericContextLoader.loadContext(AbstractGenericContextLoader.java:120)
	at org.springframework.test.context.support.AbstractGenericContextLoader.loadContext(AbstractGenericContextLoader.java:60)
	at org.springframework.test.context.support.AbstractDelegatingSmartContextLoader.delegateLoading(AbstractDelegatingSmartContextLoader.java:100)
	at org.springframework.test.context.support.AbstractDelegatingSmartContextLoader.loadContext(AbstractDelegatingSmartContextLoader.java:248)
	at org.springframework.test.context.CacheAwareContextLoaderDelegate.loadContextInternal(CacheAwareContextLoaderDelegate.java:64)
	at org.springframework.test.context.CacheAwareContextLoaderDelegate.loadContext(CacheAwareContextLoaderDelegate.java:91)
	... 24 more
2017-05-26 15:43:55,517 [main] [org.springframework.beans.factory.xml.XmlBeanDefinitionReader] [INFO] - Loading XML bean definitions from class path resource [spring-context.xml]
2017-05-26 15:43:55,790 [main] [org.springframework.beans.factory.xml.XmlBeanDefinitionReader] [INFO] - Loading XML bean definitions from class path resource [mongodb-context.xml]
2017-05-26 15:43:55,935 [main] [org.springframework.test.context.TestContextManager] [ERROR] - Caught exception while allowing TestExecutionListener [org.springframework.test.context.support.DependencyInjectionTestExecutionListener@546d1c90] to prepare test instance [mongo.MongoTest@476e5d3d]
java.lang.IllegalStateException: Failed to load ApplicationContext
	at org.springframework.test.context.CacheAwareContextLoaderDelegate.loadContext(CacheAwareContextLoaderDelegate.java:99)
	at org.springframework.test.context.TestContext.getApplicationContext(TestContext.java:122)
	at org.springframework.test.context.support.DependencyInjectionTestExecutionListener.injectDependencies(DependencyInjectionTestExecutionListener.java:109)
	at org.springframework.test.context.support.DependencyInjectionTestExecutionListener.prepareTestInstance(DependencyInjectionTestExecutionListener.java:75)
	at org.springframework.test.context.TestContextManager.prepareTestInstance(TestContextManager.java:307)
	at org.springframework.test.context.junit4.SpringJUnit4ClassRunner.createTest(SpringJUnit4ClassRunner.java:211)
	at org.springframework.test.context.junit4.SpringJUnit4ClassRunner$1.runReflectiveCall(SpringJUnit4ClassRunner.java:288)
	at org.junit.internal.runners.model.ReflectiveCallable.run(ReflectiveCallable.java:12)
	at org.springframework.test.context.junit4.SpringJUnit4ClassRunner.methodBlock(SpringJUnit4ClassRunner.java:284)
	at org.springframework.test.context.junit4.SpringJUnit4ClassRunner.runChild(SpringJUnit4ClassRunner.java:231)
	at org.springframework.test.context.junit4.SpringJUnit4ClassRunner.runChild(SpringJUnit4ClassRunner.java:88)
	at org.junit.runners.ParentRunner$3.run(ParentRunner.java:290)
	at org.junit.runners.ParentRunner$1.schedule(ParentRunner.java:71)
	at org.junit.runners.ParentRunner.runChildren(ParentRunner.java:288)
	at org.junit.runners.ParentRunner.access$000(ParentRunner.java:58)
	at org.junit.runners.ParentRunner$2.evaluate(ParentRunner.java:268)
	at org.springframework.test.context.junit4.statements.RunBeforeTestClassCallbacks.evaluate(RunBeforeTestClassCallbacks.java:61)
	at org.springframework.test.context.junit4.statements.RunAfterTestClassCallbacks.evaluate(RunAfterTestClassCallbacks.java:71)
	at org.junit.runners.ParentRunner.run(ParentRunner.java:363)
	at org.springframework.test.context.junit4.SpringJUnit4ClassRunner.run(SpringJUnit4ClassRunner.java:174)
	at org.junit.runner.JUnitCore.run(JUnitCore.java:137)
	at com.intellij.junit4.JUnit4IdeaTestRunner.startRunnerWithArgs(JUnit4IdeaTestRunner.java:68)
	at com.intellij.rt.execution.junit.IdeaTestRunner$Repeater.startRunnerWithArgs(IdeaTestRunner.java:51)
	at com.intellij.rt.execution.junit.JUnitStarter.prepareStreamsAndStart(JUnitStarter.java:242)
	at com.intellij.rt.execution.junit.JUnitStarter.main(JUnitStarter.java:70)
Caused by: org.springframework.beans.factory.parsing.BeanDefinitionParsingException: Configuration problem: Failed to import bean definitions from relative location [mongodb-context.xml]
Offending resource: class path resource [spring-context.xml]; nested exception is org.springframework.beans.factory.xml.XmlBeanDefinitionStoreException: Line 35 in XML document from class path resource [mongodb-context.xml] is invalid; nested exception is org.xml.sax.SAXParseException; lineNumber: 35; columnNumber: 9; cvc-complex-type.2.3: Element 'beans' cannot have character [children], because the type's content type is element-only.
	at org.springframework.beans.factory.parsing.FailFastProblemReporter.error(FailFastProblemReporter.java:68)
	at org.springframework.beans.factory.parsing.ReaderContext.error(ReaderContext.java:85)
	at org.springframework.beans.factory.parsing.ReaderContext.error(ReaderContext.java:76)
	at org.springframework.beans.factory.xml.DefaultBeanDefinitionDocumentReader.importBeanDefinitionResource(DefaultBeanDefinitionDocumentReader.java:282)
	at org.springframework.beans.factory.xml.DefaultBeanDefinitionDocumentReader.parseDefaultElement(DefaultBeanDefinitionDocumentReader.java:207)
	at org.springframework.beans.factory.xml.DefaultBeanDefinitionDocumentReader.parseBeanDefinitions(DefaultBeanDefinitionDocumentReader.java:192)
	at org.springframework.beans.factory.xml.DefaultBeanDefinitionDocumentReader.doRegisterBeanDefinitions(DefaultBeanDefinitionDocumentReader.java:139)
	at org.springframework.beans.factory.xml.DefaultBeanDefinitionDocumentReader.registerBeanDefinitions(DefaultBeanDefinitionDocumentReader.java:108)
	at org.springframework.beans.factory.xml.XmlBeanDefinitionReader.registerBeanDefinitions(XmlBeanDefinitionReader.java:493)
	at org.springframework.beans.factory.xml.XmlBeanDefinitionReader.doLoadBeanDefinitions(XmlBeanDefinitionReader.java:390)
	at org.springframework.beans.factory.xml.XmlBeanDefinitionReader.loadBeanDefinitions(XmlBeanDefinitionReader.java:334)
	at org.springframework.beans.factory.xml.XmlBeanDefinitionReader.loadBeanDefinitions(XmlBeanDefinitionReader.java:302)
	at org.springframework.beans.factory.support.AbstractBeanDefinitionReader.loadBeanDefinitions(AbstractBeanDefinitionReader.java:174)
	at org.springframework.beans.factory.support.AbstractBeanDefinitionReader.loadBeanDefinitions(AbstractBeanDefinitionReader.java:209)
	at org.springframework.beans.factory.support.AbstractBeanDefinitionReader.loadBeanDefinitions(AbstractBeanDefinitionReader.java:180)
	at org.springframework.beans.factory.support.AbstractBeanDefinitionReader.loadBeanDefinitions(AbstractBeanDefinitionReader.java:243)
	at org.springframework.test.context.support.AbstractGenericContextLoader.loadBeanDefinitions(AbstractGenericContextLoader.java:233)
	at org.springframework.test.context.support.AbstractGenericContextLoader.loadContext(AbstractGenericContextLoader.java:117)
	at org.springframework.test.context.support.AbstractGenericContextLoader.loadContext(AbstractGenericContextLoader.java:60)
	at org.springframework.test.context.support.AbstractDelegatingSmartContextLoader.delegateLoading(AbstractDelegatingSmartContextLoader.java:100)
	at org.springframework.test.context.support.AbstractDelegatingSmartContextLoader.loadContext(AbstractDelegatingSmartContextLoader.java:248)
	at org.springframework.test.context.CacheAwareContextLoaderDelegate.loadContextInternal(CacheAwareContextLoaderDelegate.java:64)
	at org.springframework.test.context.CacheAwareContextLoaderDelegate.loadContext(CacheAwareContextLoaderDelegate.java:91)
	... 24 more
Caused by: org.springframework.beans.factory.xml.XmlBeanDefinitionStoreException: Line 35 in XML document from class path resource [mongodb-context.xml] is invalid; nested exception is org.xml.sax.SAXParseException; lineNumber: 35; columnNumber: 9; cvc-complex-type.2.3: Element 'beans' cannot have character [children], because the type's content type is element-only.
	at org.springframework.beans.factory.xml.XmlBeanDefinitionReader.doLoadBeanDefinitions(XmlBeanDefinitionReader.java:396)
	at org.springframework.beans.factory.xml.XmlBeanDefinitionReader.loadBeanDefinitions(XmlBeanDefinitionReader.java:334)
	at org.springframework.beans.factory.xml.XmlBeanDefinitionReader.loadBeanDefinitions(XmlBeanDefinitionReader.java:302)
	at org.springframework.beans.factory.xml.DefaultBeanDefinitionDocumentReader.importBeanDefinitionResource(DefaultBeanDefinitionDocumentReader.java:266)
	... 43 more
Caused by: org.xml.sax.SAXParseException; lineNumber: 35; columnNumber: 9; cvc-complex-type.2.3: Element 'beans' cannot have character [children], because the type's content type is element-only.
	at com.sun.org.apache.xerces.internal.util.ErrorHandlerWrapper.createSAXParseException(ErrorHandlerWrapper.java:198)
	at com.sun.org.apache.xerces.internal.util.ErrorHandlerWrapper.error(ErrorHandlerWrapper.java:134)
	at com.sun.org.apache.xerces.internal.impl.XMLErrorReporter.reportError(XMLErrorReporter.java:437)
	at com.sun.org.apache.xerces.internal.impl.XMLErrorReporter.reportError(XMLErrorReporter.java:368)
	at com.sun.org.apache.xerces.internal.impl.XMLErrorReporter.reportError(XMLErrorReporter.java:325)
	at com.sun.org.apache.xerces.internal.impl.xs.XMLSchemaValidator$XSIErrorReporter.reportError(XMLSchemaValidator.java:458)
	at com.sun.org.apache.xerces.internal.impl.xs.XMLSchemaValidator.reportSchemaError(XMLSchemaValidator.java:3237)
	at com.sun.org.apache.xerces.internal.impl.xs.XMLSchemaValidator.elementLocallyValidComplexType(XMLSchemaValidator.java:3200)
	at com.sun.org.apache.xerces.internal.impl.xs.XMLSchemaValidator.elementLocallyValidType(XMLSchemaValidator.java:3160)
	at com.sun.org.apache.xerces.internal.impl.xs.XMLSchemaValidator.processElementContent(XMLSchemaValidator.java:3062)
	at com.sun.org.apache.xerces.internal.impl.xs.XMLSchemaValidator.handleEndElement(XMLSchemaValidator.java:2140)
	at com.sun.org.apache.xerces.internal.impl.xs.XMLSchemaValidator.endElement(XMLSchemaValidator.java:859)
	at com.sun.org.apache.xerces.internal.impl.XMLDocumentFragmentScannerImpl.scanEndElement(XMLDocumentFragmentScannerImpl.java:1782)
	at com.sun.org.apache.xerces.internal.impl.XMLDocumentFragmentScannerImpl$FragmentContentDriver.next(XMLDocumentFragmentScannerImpl.java:2973)
	at com.sun.org.apache.xerces.internal.impl.XMLDocumentScannerImpl.next(XMLDocumentScannerImpl.java:606)
	at com.sun.org.apache.xerces.internal.impl.XMLNSDocumentScannerImpl.next(XMLNSDocumentScannerImpl.java:117)
	at com.sun.org.apache.xerces.internal.impl.XMLDocumentFragmentScannerImpl.scanDocument(XMLDocumentFragmentScannerImpl.java:510)
	at com.sun.org.apache.xerces.internal.parsers.XML11Configuration.parse(XML11Configuration.java:848)
	at com.sun.org.apache.xerces.internal.parsers.XML11Configuration.parse(XML11Configuration.java:777)
	at com.sun.org.apache.xerces.internal.parsers.XMLParser.parse(XMLParser.java:141)
	at com.sun.org.apache.xerces.internal.parsers.DOMParser.parse(DOMParser.java:243)
	at com.sun.org.apache.xerces.internal.jaxp.DocumentBuilderImpl.parse(DocumentBuilderImpl.java:347)
	at org.springframework.beans.factory.xml.DefaultDocumentLoader.loadDocument(DefaultDocumentLoader.java:75)
	at org.springframework.beans.factory.xml.XmlBeanDefinitionReader.doLoadBeanDefinitions(XmlBeanDefinitionReader.java:388)
	... 46 more
2017-05-26 15:44:18,509 [main] [org.springframework.beans.factory.xml.XmlBeanDefinitionReader] [INFO] - Loading XML bean definitions from class path resource [spring-context.xml]
2017-05-26 15:44:18,767 [main] [org.springframework.beans.factory.xml.XmlBeanDefinitionReader] [INFO] - Loading XML bean definitions from class path resource [mongodb-context.xml]
2017-05-26 15:44:19,128 [main] [org.springframework.test.context.TestContextManager] [ERROR] - Caught exception while allowing TestExecutionListener [org.springframework.test.context.support.DependencyInjectionTestExecutionListener@476e5d3d] to prepare test instance [mongo.MongoTest@1eab746e]
java.lang.IllegalStateException: Failed to load ApplicationContext
	at org.springframework.test.context.CacheAwareContextLoaderDelegate.loadContext(CacheAwareContextLoaderDelegate.java:99)
	at org.springframework.test.context.TestContext.getApplicationContext(TestContext.java:122)
	at org.springframework.test.context.support.DependencyInjectionTestExecutionListener.injectDependencies(DependencyInjectionTestExecutionListener.java:109)
	at org.springframework.test.context.support.DependencyInjectionTestExecutionListener.prepareTestInstance(DependencyInjectionTestExecutionListener.java:75)
	at org.springframework.test.context.TestContextManager.prepareTestInstance(TestContextManager.java:307)
	at org.springframework.test.context.junit4.SpringJUnit4ClassRunner.createTest(SpringJUnit4ClassRunner.java:211)
	at org.springframework.test.context.junit4.SpringJUnit4ClassRunner$1.runReflectiveCall(SpringJUnit4ClassRunner.java:288)
	at org.junit.internal.runners.model.ReflectiveCallable.run(ReflectiveCallable.java:12)
	at org.springframework.test.context.junit4.SpringJUnit4ClassRunner.methodBlock(SpringJUnit4ClassRunner.java:284)
	at org.springframework.test.context.junit4.SpringJUnit4ClassRunner.runChild(SpringJUnit4ClassRunner.java:231)
	at org.springframework.test.context.junit4.SpringJUnit4ClassRunner.runChild(SpringJUnit4ClassRunner.java:88)
	at org.junit.runners.ParentRunner$3.run(ParentRunner.java:290)
	at org.junit.runners.ParentRunner$1.schedule(ParentRunner.java:71)
	at org.junit.runners.ParentRunner.runChildren(ParentRunner.java:288)
	at org.junit.runners.ParentRunner.access$000(ParentRunner.java:58)
	at org.junit.runners.ParentRunner$2.evaluate(ParentRunner.java:268)
	at org.springframework.test.context.junit4.statements.RunBeforeTestClassCallbacks.evaluate(RunBeforeTestClassCallbacks.java:61)
	at org.springframework.test.context.junit4.statements.RunAfterTestClassCallbacks.evaluate(RunAfterTestClassCallbacks.java:71)
	at org.junit.runners.ParentRunner.run(ParentRunner.java:363)
	at org.springframework.test.context.junit4.SpringJUnit4ClassRunner.run(SpringJUnit4ClassRunner.java:174)
	at org.junit.runner.JUnitCore.run(JUnitCore.java:137)
	at com.intellij.junit4.JUnit4IdeaTestRunner.startRunnerWithArgs(JUnit4IdeaTestRunner.java:68)
	at com.intellij.rt.execution.junit.IdeaTestRunner$Repeater.startRunnerWithArgs(IdeaTestRunner.java:51)
	at com.intellij.rt.execution.junit.JUnitStarter.prepareStreamsAndStart(JUnitStarter.java:242)
	at com.intellij.rt.execution.junit.JUnitStarter.main(JUnitStarter.java:70)
Caused by: org.springframework.beans.factory.parsing.BeanDefinitionParsingException: Configuration problem: Failed to import bean definitions from relative location [mongodb-context.xml]
Offending resource: class path resource [spring-context.xml]; nested exception is org.springframework.beans.factory.xml.XmlBeanDefinitionStoreException: Line 35 in XML document from class path resource [mongodb-context.xml] is invalid; nested exception is org.xml.sax.SAXParseException; lineNumber: 35; columnNumber: 9; cvc-complex-type.2.3: Element 'beans' cannot have character [children], because the type's content type is element-only.
	at org.springframework.beans.factory.parsing.FailFastProblemReporter.error(FailFastProblemReporter.java:68)
	at org.springframework.beans.factory.parsing.ReaderContext.error(ReaderContext.java:85)
	at org.springframework.beans.factory.parsing.ReaderContext.error(ReaderContext.java:76)
	at org.springframework.beans.factory.xml.DefaultBeanDefinitionDocumentReader.importBeanDefinitionResource(DefaultBeanDefinitionDocumentReader.java:282)
	at org.springframework.beans.factory.xml.DefaultBeanDefinitionDocumentReader.parseDefaultElement(DefaultBeanDefinitionDocumentReader.java:207)
	at org.springframework.beans.factory.xml.DefaultBeanDefinitionDocumentReader.parseBeanDefinitions(DefaultBeanDefinitionDocumentReader.java:192)
	at org.springframework.beans.factory.xml.DefaultBeanDefinitionDocumentReader.doRegisterBeanDefinitions(DefaultBeanDefinitionDocumentReader.java:139)
	at org.springframework.beans.factory.xml.DefaultBeanDefinitionDocumentReader.registerBeanDefinitions(DefaultBeanDefinitionDocumentReader.java:108)
	at org.springframework.beans.factory.xml.XmlBeanDefinitionReader.registerBeanDefinitions(XmlBeanDefinitionReader.java:493)
	at org.springframework.beans.factory.xml.XmlBeanDefinitionReader.doLoadBeanDefinitions(XmlBeanDefinitionReader.java:390)
	at org.springframework.beans.factory.xml.XmlBeanDefinitionReader.loadBeanDefinitions(XmlBeanDefinitionReader.java:334)
	at org.springframework.beans.factory.xml.XmlBeanDefinitionReader.loadBeanDefinitions(XmlBeanDefinitionReader.java:302)
	at org.springframework.beans.factory.support.AbstractBeanDefinitionReader.loadBeanDefinitions(AbstractBeanDefinitionReader.java:174)
	at org.springframework.beans.factory.support.AbstractBeanDefinitionReader.loadBeanDefinitions(AbstractBeanDefinitionReader.java:209)
	at org.springframework.beans.factory.support.AbstractBeanDefinitionReader.loadBeanDefinitions(AbstractBeanDefinitionReader.java:180)
	at org.springframework.beans.factory.support.AbstractBeanDefinitionReader.loadBeanDefinitions(AbstractBeanDefinitionReader.java:243)
	at org.springframework.test.context.support.AbstractGenericContextLoader.loadBeanDefinitions(AbstractGenericContextLoader.java:233)
	at org.springframework.test.context.support.AbstractGenericContextLoader.loadContext(AbstractGenericContextLoader.java:117)
	at org.springframework.test.context.support.AbstractGenericContextLoader.loadContext(AbstractGenericContextLoader.java:60)
	at org.springframework.test.context.support.AbstractDelegatingSmartContextLoader.delegateLoading(AbstractDelegatingSmartContextLoader.java:100)
	at org.springframework.test.context.support.AbstractDelegatingSmartContextLoader.loadContext(AbstractDelegatingSmartContextLoader.java:248)
	at org.springframework.test.context.CacheAwareContextLoaderDelegate.loadContextInternal(CacheAwareContextLoaderDelegate.java:64)
	at org.springframework.test.context.CacheAwareContextLoaderDelegate.loadContext(CacheAwareContextLoaderDelegate.java:91)
	... 24 more
Caused by: org.springframework.beans.factory.xml.XmlBeanDefinitionStoreException: Line 35 in XML document from class path resource [mongodb-context.xml] is invalid; nested exception is org.xml.sax.SAXParseException; lineNumber: 35; columnNumber: 9; cvc-complex-type.2.3: Element 'beans' cannot have character [children], because the type's content type is element-only.
	at org.springframework.beans.factory.xml.XmlBeanDefinitionReader.doLoadBeanDefinitions(XmlBeanDefinitionReader.java:396)
	at org.springframework.beans.factory.xml.XmlBeanDefinitionReader.loadBeanDefinitions(XmlBeanDefinitionReader.java:334)
	at org.springframework.beans.factory.xml.XmlBeanDefinitionReader.loadBeanDefinitions(XmlBeanDefinitionReader.java:302)
	at org.springframework.beans.factory.xml.DefaultBeanDefinitionDocumentReader.importBeanDefinitionResource(DefaultBeanDefinitionDocumentReader.java:266)
	... 43 more
Caused by: org.xml.sax.SAXParseException; lineNumber: 35; columnNumber: 9; cvc-complex-type.2.3: Element 'beans' cannot have character [children], because the type's content type is element-only.
	at com.sun.org.apache.xerces.internal.util.ErrorHandlerWrapper.createSAXParseException(ErrorHandlerWrapper.java:198)
	at com.sun.org.apache.xerces.internal.util.ErrorHandlerWrapper.error(ErrorHandlerWrapper.java:134)
	at com.sun.org.apache.xerces.internal.impl.XMLErrorReporter.reportError(XMLErrorReporter.java:437)
	at com.sun.org.apache.xerces.internal.impl.XMLErrorReporter.reportError(XMLErrorReporter.java:368)
	at com.sun.org.apache.xerces.internal.impl.XMLErrorReporter.reportError(XMLErrorReporter.java:325)
	at com.sun.org.apache.xerces.internal.impl.xs.XMLSchemaValidator$XSIErrorReporter.reportError(XMLSchemaValidator.java:458)
	at com.sun.org.apache.xerces.internal.impl.xs.XMLSchemaValidator.reportSchemaError(XMLSchemaValidator.java:3237)
	at com.sun.org.apache.xerces.internal.impl.xs.XMLSchemaValidator.elementLocallyValidComplexType(XMLSchemaValidator.java:3200)
	at com.sun.org.apache.xerces.internal.impl.xs.XMLSchemaValidator.elementLocallyValidType(XMLSchemaValidator.java:3160)
	at com.sun.org.apache.xerces.internal.impl.xs.XMLSchemaValidator.processElementContent(XMLSchemaValidator.java:3062)
	at com.sun.org.apache.xerces.internal.impl.xs.XMLSchemaValidator.handleEndElement(XMLSchemaValidator.java:2140)
	at com.sun.org.apache.xerces.internal.impl.xs.XMLSchemaValidator.endElement(XMLSchemaValidator.java:859)
	at com.sun.org.apache.xerces.internal.impl.XMLDocumentFragmentScannerImpl.scanEndElement(XMLDocumentFragmentScannerImpl.java:1782)
	at com.sun.org.apache.xerces.internal.impl.XMLDocumentFragmentScannerImpl$FragmentContentDriver.next(XMLDocumentFragmentScannerImpl.java:2973)
	at com.sun.org.apache.xerces.internal.impl.XMLDocumentScannerImpl.next(XMLDocumentScannerImpl.java:606)
	at com.sun.org.apache.xerces.internal.impl.XMLNSDocumentScannerImpl.next(XMLNSDocumentScannerImpl.java:117)
	at com.sun.org.apache.xerces.internal.impl.XMLDocumentFragmentScannerImpl.scanDocument(XMLDocumentFragmentScannerImpl.java:510)
	at com.sun.org.apache.xerces.internal.parsers.XML11Configuration.parse(XML11Configuration.java:848)
	at com.sun.org.apache.xerces.internal.parsers.XML11Configuration.parse(XML11Configuration.java:777)
	at com.sun.org.apache.xerces.internal.parsers.XMLParser.parse(XMLParser.java:141)
	at com.sun.org.apache.xerces.internal.parsers.DOMParser.parse(DOMParser.java:243)
	at com.sun.org.apache.xerces.internal.jaxp.DocumentBuilderImpl.parse(DocumentBuilderImpl.java:347)
	at org.springframework.beans.factory.xml.DefaultDocumentLoader.loadDocument(DefaultDocumentLoader.java:75)
	at org.springframework.beans.factory.xml.XmlBeanDefinitionReader.doLoadBeanDefinitions(XmlBeanDefinitionReader.java:388)
	... 46 more
2017-05-26 15:46:10,720 [main] [org.springframework.beans.factory.xml.XmlBeanDefinitionReader] [INFO] - Loading XML bean definitions from class path resource [spring-context.xml]
2017-05-26 15:46:10,974 [main] [org.springframework.beans.factory.xml.XmlBeanDefinitionReader] [INFO] - Loading XML bean definitions from class path resource [mongodb-context.xml]
2017-05-26 15:46:11,193 [main] [org.springframework.context.support.GenericApplicationContext] [INFO] - Refreshing org.springframework.context.support.GenericApplicationContext@5decacf5: startup date [Fri May 26 15:46:11 CST 2017]; root of context hierarchy
2017-05-26 15:46:11,444 [main] [org.springframework.context.support.PropertySourcesPlaceholderConfigurer] [INFO] - Loading properties file from class path resource [mongo.properties]
2017-05-26 15:46:11,673 [main] [org.springframework.context.support.GenericApplicationContext] [INFO] - Bean 'java.util.concurrent.ThreadPoolExecutor$CallerRunsPolicy#67090fc4' of type [class java.util.concurrent.ThreadPoolExecutor$CallerRunsPolicy] is not eligible for getting processed by all BeanPostProcessors (for example: not eligible for auto-proxying)
2017-05-26 15:46:11,673 [main] [org.springframework.scheduling.concurrent.ThreadPoolTaskScheduler] [INFO] - Initializing ExecutorService  'springTask'
2017-05-26 15:46:11,675 [main] [org.springframework.context.support.GenericApplicationContext] [INFO] - Bean 'springTask' of type [class org.springframework.scheduling.concurrent.ThreadPoolTaskScheduler] is not eligible for getting processed by all BeanPostProcessors (for example: not eligible for auto-proxying)
2017-05-26 15:46:11,694 [main] [org.springframework.beans.factory.support.DefaultListableBeanFactory] [INFO] - Pre-instantiating singletons in org.springframework.beans.factory.support.DefaultListableBeanFactory@29918f3: defining beans [doInit,org.springframework.aop.config.internalAutoProxyCreator,sleep,sleepHelper,org.springframework.context.support.PropertySourcesPlaceholderConfigurer#0,mongo,org.springframework.beans.factory.config.CustomEditorConfigurer#0,org.springframework.beans.factory.config.CustomEditorConfigurer#1,org.springframework.beans.factory.config.CustomEditorConfigurer#2,mongoDbFactory,mongoTemplate,userDao,homeController,org.springframework.context.annotation.internalConfigurationAnnotationProcessor,org.springframework.context.annotation.internalAutowiredAnnotationProcessor,org.springframework.context.annotation.internalRequiredAnnotationProcessor,org.springframework.context.annotation.internalCommonAnnotationProcessor,springTaskManager,org.springframework.context.annotation.internalAsyncAnnotationProcessor,org.springframework.context.annotation.internalScheduledAnnotationProcessor,springTask,org.springframework.context.annotation.ConfigurationClassPostProcessor.importAwareProcessor]; root of factory hierarchy
2017-05-26 15:46:13,394 [main] [UserDAO] [INFO] - UserDAO.add(),一个用户即将被添加...
2017-05-26 15:46:13,458 [main] [UserDAO] [INFO] - UserDAO.add(),一个用户已经被成功添加。
2017-05-26 15:46:13,461 [Thread-2] [org.springframework.context.support.GenericApplicationContext] [INFO] - Closing org.springframework.context.support.GenericApplicationContext@5decacf5: startup date [Fri May 26 15:46:11 CST 2017]; root of context hierarchy
2017-05-26 15:46:13,461 [Thread-2] [org.springframework.beans.factory.support.DefaultListableBeanFactory] [INFO] - Destroying singletons in org.springframework.beans.factory.support.DefaultListableBeanFactory@29918f3: defining beans [doInit,org.springframework.aop.config.internalAutoProxyCreator,sleep,sleepHelper,org.springframework.context.support.PropertySourcesPlaceholderConfigurer#0,mongo,org.springframework.beans.factory.config.CustomEditorConfigurer#0,org.springframework.beans.factory.config.CustomEditorConfigurer#1,org.springframework.beans.factory.config.CustomEditorConfigurer#2,mongoDbFactory,mongoTemplate,userDao,homeController,org.springframework.context.annotation.internalConfigurationAnnotationProcessor,org.springframework.context.annotation.internalAutowiredAnnotationProcessor,org.springframework.context.annotation.internalRequiredAnnotationProcessor,org.springframework.context.annotation.internalCommonAnnotationProcessor,springTaskManager,org.springframework.context.annotation.internalAsyncAnnotationProcessor,org.springframework.context.annotation.internalScheduledAnnotationProcessor,springTask,org.springframework.context.annotation.ConfigurationClassPostProcessor.importAwareProcessor]; root of factory hierarchy
2017-05-26 15:46:13,464 [Thread-2] [org.springframework.scheduling.concurrent.ThreadPoolTaskScheduler] [INFO] - Shutting down ExecutorService 'springTask'
2017-05-26 15:56:37,738 [main] [org.springframework.beans.factory.xml.XmlBeanDefinitionReader] [INFO] - Loading XML bean definitions from class path resource [spring-context.xml]
2017-05-26 15:56:37,991 [main] [org.springframework.beans.factory.xml.XmlBeanDefinitionReader] [INFO] - Loading XML bean definitions from class path resource [mongodb-context.xml]
2017-05-26 15:56:38,318 [main] [org.springframework.context.support.GenericApplicationContext] [INFO] - Refreshing org.springframework.context.support.GenericApplicationContext@d3a0c0b: startup date [Fri May 26 15:56:38 CST 2017]; root of context hierarchy
2017-05-26 15:56:38,517 [main] [org.springframework.context.support.PropertySourcesPlaceholderConfigurer] [INFO] - Loading properties file from class path resource [mongo.properties]
2017-05-26 15:56:38,742 [main] [org.springframework.context.support.GenericApplicationContext] [INFO] - Bean 'java.util.concurrent.ThreadPoolExecutor$CallerRunsPolicy#cf7e5b2' of type [class java.util.concurrent.ThreadPoolExecutor$CallerRunsPolicy] is not eligible for getting processed by all BeanPostProcessors (for example: not eligible for auto-proxying)
2017-05-26 15:56:38,743 [main] [org.springframework.scheduling.concurrent.ThreadPoolTaskScheduler] [INFO] - Initializing ExecutorService  'springTask'
2017-05-26 15:56:38,745 [main] [org.springframework.context.support.GenericApplicationContext] [INFO] - Bean 'springTask' of type [class org.springframework.scheduling.concurrent.ThreadPoolTaskScheduler] is not eligible for getting processed by all BeanPostProcessors (for example: not eligible for auto-proxying)
2017-05-26 15:56:38,758 [main] [org.springframework.beans.factory.support.DefaultListableBeanFactory] [INFO] - Pre-instantiating singletons in org.springframework.beans.factory.support.DefaultListableBeanFactory@36243322: defining beans [doInit,org.springframework.aop.config.internalAutoProxyCreator,sleep,sleepHelper,org.springframework.context.support.PropertySourcesPlaceholderConfigurer#0,mongo,org.springframework.beans.factory.config.CustomEditorConfigurer#0,org.springframework.beans.factory.config.CustomEditorConfigurer#1,org.springframework.beans.factory.config.CustomEditorConfigurer#2,mongoDbFactory,mongoTemplate,userDao,homeController,org.springframework.context.annotation.internalConfigurationAnnotationProcessor,org.springframework.context.annotation.internalAutowiredAnnotationProcessor,org.springframework.context.annotation.internalRequiredAnnotationProcessor,org.springframework.context.annotation.internalCommonAnnotationProcessor,springTaskManager,org.springframework.context.annotation.internalAsyncAnnotationProcessor,org.springframework.context.annotation.internalScheduledAnnotationProcessor,springTask,org.springframework.context.annotation.ConfigurationClassPostProcessor.importAwareProcessor]; root of factory hierarchy
2017-05-26 15:56:40,440 [main] [UserDAO] [INFO] - UserDAO.add(),一个用户即将被添加...
2017-05-26 15:56:40,501 [main] [UserDAO] [INFO] - UserDAO.add(),一个用户已经被成功添加。
2017-05-26 15:56:40,504 [Thread-2] [org.springframework.context.support.GenericApplicationContext] [INFO] - Closing org.springframework.context.support.GenericApplicationContext@d3a0c0b: startup date [Fri May 26 15:56:38 CST 2017]; root of context hierarchy
2017-05-26 15:56:40,504 [Thread-2] [org.springframework.beans.factory.support.DefaultListableBeanFactory] [INFO] - Destroying singletons in org.springframework.beans.factory.support.DefaultListableBeanFactory@36243322: defining beans [doInit,org.springframework.aop.config.internalAutoProxyCreator,sleep,sleepHelper,org.springframework.context.support.PropertySourcesPlaceholderConfigurer#0,mongo,org.springframework.beans.factory.config.CustomEditorConfigurer#0,org.springframework.beans.factory.config.CustomEditorConfigurer#1,org.springframework.beans.factory.config.CustomEditorConfigurer#2,mongoDbFactory,mongoTemplate,userDao,homeController,org.springframework.context.annotation.internalConfigurationAnnotationProcessor,org.springframework.context.annotation.internalAutowiredAnnotationProcessor,org.springframework.context.annotation.internalRequiredAnnotationProcessor,org.springframework.context.annotation.internalCommonAnnotationProcessor,springTaskManager,org.springframework.context.annotation.internalAsyncAnnotationProcessor,org.springframework.context.annotation.internalScheduledAnnotationProcessor,springTask,org.springframework.context.annotation.ConfigurationClassPostProcessor.importAwareProcessor]; root of factory hierarchy
2017-05-26 15:56:40,506 [Thread-2] [org.springframework.scheduling.concurrent.ThreadPoolTaskScheduler] [INFO] - Shutting down ExecutorService 'springTask'
2017-05-26 15:57:13,819 [main] [org.springframework.beans.factory.xml.XmlBeanDefinitionReader] [INFO] - Loading XML bean definitions from class path resource [spring-context.xml]
2017-05-26 15:57:14,082 [main] [org.springframework.beans.factory.xml.XmlBeanDefinitionReader] [INFO] - Loading XML bean definitions from class path resource [mongodb-context.xml]
2017-05-26 15:57:14,429 [main] [org.springframework.context.support.GenericApplicationContext] [INFO] - Refreshing org.springframework.context.support.GenericApplicationContext@5decacf5: startup date [Fri May 26 15:57:14 CST 2017]; root of context hierarchy
2017-05-26 15:57:14,700 [main] [org.springframework.context.support.PropertySourcesPlaceholderConfigurer] [INFO] - Loading properties file from class path resource [mongo.properties]
2017-05-26 15:57:14,889 [main] [org.springframework.context.support.GenericApplicationContext] [INFO] - Bean 'java.util.concurrent.ThreadPoolExecutor$CallerRunsPolicy#3ea41b5' of type [class java.util.concurrent.ThreadPoolExecutor$CallerRunsPolicy] is not eligible for getting processed by all BeanPostProcessors (for example: not eligible for auto-proxying)
2017-05-26 15:57:14,890 [main] [org.springframework.scheduling.concurrent.ThreadPoolTaskScheduler] [INFO] - Initializing ExecutorService  'springTask'
2017-05-26 15:57:14,893 [main] [org.springframework.context.support.GenericApplicationContext] [INFO] - Bean 'springTask' of type [class org.springframework.scheduling.concurrent.ThreadPoolTaskScheduler] is not eligible for getting processed by all BeanPostProcessors (for example: not eligible for auto-proxying)
2017-05-26 15:57:14,904 [main] [org.springframework.beans.factory.support.DefaultListableBeanFactory] [INFO] - Pre-instantiating singletons in org.springframework.beans.factory.support.DefaultListableBeanFactory@1134fada: defining beans [doInit,org.springframework.aop.config.internalAutoProxyCreator,sleep,sleepHelper,org.springframework.context.support.PropertySourcesPlaceholderConfigurer#0,mongo,org.springframework.beans.factory.config.CustomEditorConfigurer#0,org.springframework.beans.factory.config.CustomEditorConfigurer#1,org.springframework.beans.factory.config.CustomEditorConfigurer#2,mongoDbFactory,mongoTemplate,userDao,homeController,org.springframework.context.annotation.internalConfigurationAnnotationProcessor,org.springframework.context.annotation.internalAutowiredAnnotationProcessor,org.springframework.context.annotation.internalRequiredAnnotationProcessor,org.springframework.context.annotation.internalCommonAnnotationProcessor,springTaskManager,org.springframework.context.annotation.internalAsyncAnnotationProcessor,org.springframework.context.annotation.internalScheduledAnnotationProcessor,springTask,org.springframework.context.annotation.ConfigurationClassPostProcessor.importAwareProcessor]; root of factory hierarchy
2017-05-26 15:57:16,597 [main] [UserDAO] [INFO] - UserDAO.add(),一个用户即将被添加...
2017-05-26 15:57:16,642 [main] [UserDAO] [INFO] - UserDAO.add(),一个用户已经被成功添加。
2017-05-26 15:57:16,645 [Thread-2] [org.springframework.context.support.GenericApplicationContext] [INFO] - Closing org.springframework.context.support.GenericApplicationContext@5decacf5: startup date [Fri May 26 15:57:14 CST 2017]; root of context hierarchy
2017-05-26 15:57:16,646 [Thread-2] [org.springframework.beans.factory.support.DefaultListableBeanFactory] [INFO] - Destroying singletons in org.springframework.beans.factory.support.DefaultListableBeanFactory@1134fada: defining beans [doInit,org.springframework.aop.config.internalAutoProxyCreator,sleep,sleepHelper,org.springframework.context.support.PropertySourcesPlaceholderConfigurer#0,mongo,org.springframework.beans.factory.config.CustomEditorConfigurer#0,org.springframework.beans.factory.config.CustomEditorConfigurer#1,org.springframework.beans.factory.config.CustomEditorConfigurer#2,mongoDbFactory,mongoTemplate,userDao,homeController,org.springframework.context.annotation.internalConfigurationAnnotationProcessor,org.springframework.context.annotation.internalAutowiredAnnotationProcessor,org.springframework.context.annotation.internalRequiredAnnotationProcessor,org.springframework.context.annotation.internalCommonAnnotationProcessor,springTaskManager,org.springframework.context.annotation.internalAsyncAnnotationProcessor,org.springframework.context.annotation.internalScheduledAnnotationProcessor,springTask,org.springframework.context.annotation.ConfigurationClassPostProcessor.importAwareProcessor]; root of factory hierarchy
2017-05-26 15:57:16,649 [Thread-2] [org.springframework.scheduling.concurrent.ThreadPoolTaskScheduler] [INFO] - Shutting down ExecutorService 'springTask'
2017-05-26 15:58:42,187 [main] [org.springframework.beans.factory.xml.XmlBeanDefinitionReader] [INFO] - Loading XML bean definitions from class path resource [spring-context.xml]
2017-05-26 15:58:42,450 [main] [org.springframework.beans.factory.xml.XmlBeanDefinitionReader] [INFO] - Loading XML bean definitions from class path resource [mongodb-context.xml]
2017-05-26 15:58:42,716 [main] [org.springframework.context.support.GenericApplicationContext] [INFO] - Refreshing org.springframework.context.support.GenericApplicationContext@5d4f38ff: startup date [Fri May 26 15:58:42 CST 2017]; root of context hierarchy
2017-05-26 15:58:42,960 [main] [org.springframework.context.support.PropertySourcesPlaceholderConfigurer] [INFO] - Loading properties file from class path resource [mongo.properties]
2017-05-26 15:58:43,212 [main] [org.springframework.context.support.GenericApplicationContext] [INFO] - Bean 'java.util.concurrent.ThreadPoolExecutor$CallerRunsPolicy#3ea41b5' of type [class java.util.concurrent.ThreadPoolExecutor$CallerRunsPolicy] is not eligible for getting processed by all BeanPostProcessors (for example: not eligible for auto-proxying)
2017-05-26 15:58:43,213 [main] [org.springframework.scheduling.concurrent.ThreadPoolTaskScheduler] [INFO] - Initializing ExecutorService  'springTask'
2017-05-26 15:58:43,214 [main] [org.springframework.context.support.GenericApplicationContext] [INFO] - Bean 'springTask' of type [class org.springframework.scheduling.concurrent.ThreadPoolTaskScheduler] is not eligible for getting processed by all BeanPostProcessors (for example: not eligible for auto-proxying)
2017-05-26 15:58:43,227 [main] [org.springframework.beans.factory.support.DefaultListableBeanFactory] [INFO] - Pre-instantiating singletons in org.springframework.beans.factory.support.DefaultListableBeanFactory@1134fada: defining beans [doInit,org.springframework.aop.config.internalAutoProxyCreator,sleep,sleepHelper,org.springframework.context.support.PropertySourcesPlaceholderConfigurer#0,mongo,org.springframework.beans.factory.config.CustomEditorConfigurer#0,org.springframework.beans.factory.config.CustomEditorConfigurer#1,org.springframework.beans.factory.config.CustomEditorConfigurer#2,mongoDbFactory,mongoTemplate,userDao,homeController,org.springframework.context.annotation.internalConfigurationAnnotationProcessor,org.springframework.context.annotation.internalAutowiredAnnotationProcessor,org.springframework.context.annotation.internalRequiredAnnotationProcessor,org.springframework.context.annotation.internalCommonAnnotationProcessor,springTaskManager,org.springframework.context.annotation.internalAsyncAnnotationProcessor,org.springframework.context.annotation.internalScheduledAnnotationProcessor,springTask,org.springframework.context.annotation.ConfigurationClassPostProcessor.importAwareProcessor]; root of factory hierarchy
2017-05-26 15:58:44,454 [main] [UserDAO] [INFO] - UserDAO.add(),一个用户即将被添加...
2017-05-26 15:58:44,490 [main] [UserDAO] [INFO] - UserDAO.add(),一个用户已经被成功添加。
2017-05-26 15:58:44,493 [Thread-2] [org.springframework.context.support.GenericApplicationContext] [INFO] - Closing org.springframework.context.support.GenericApplicationContext@5d4f38ff: startup date [Fri May 26 15:58:42 CST 2017]; root of context hierarchy
2017-05-26 15:58:44,493 [Thread-2] [org.springframework.beans.factory.support.DefaultListableBeanFactory] [INFO] - Destroying singletons in org.springframework.beans.factory.support.DefaultListableBeanFactory@1134fada: defining beans [doInit,org.springframework.aop.config.internalAutoProxyCreator,sleep,sleepHelper,org.springframework.context.support.PropertySourcesPlaceholderConfigurer#0,mongo,org.springframework.beans.factory.config.CustomEditorConfigurer#0,org.springframework.beans.factory.config.CustomEditorConfigurer#1,org.springframework.beans.factory.config.CustomEditorConfigurer#2,mongoDbFactory,mongoTemplate,userDao,homeController,org.springframework.context.annotation.internalConfigurationAnnotationProcessor,org.springframework.context.annotation.internalAutowiredAnnotationProcessor,org.springframework.context.annotation.internalRequiredAnnotationProcessor,org.springframework.context.annotation.internalCommonAnnotationProcessor,springTaskManager,org.springframework.context.annotation.internalAsyncAnnotationProcessor,org.springframework.context.annotation.internalScheduledAnnotationProcessor,springTask,org.springframework.context.annotation.ConfigurationClassPostProcessor.importAwareProcessor]; root of factory hierarchy
2017-05-26 15:58:44,495 [Thread-2] [org.springframework.scheduling.concurrent.ThreadPoolTaskScheduler] [INFO] - Shutting down ExecutorService 'springTask'
2017-05-26 16:04:03,009 [main] [org.springframework.beans.factory.xml.XmlBeanDefinitionReader] [INFO] - Loading XML bean definitions from class path resource [spring-context.xml]
2017-05-26 16:04:03,403 [main] [org.springframework.beans.factory.xml.XmlBeanDefinitionReader] [INFO] - Loading XML bean definitions from class path resource [mongodb-context.xml]
2017-05-26 16:04:03,691 [main] [org.springframework.context.support.GenericApplicationContext] [INFO] - Refreshing org.springframework.context.support.GenericApplicationContext@6aae1f6c: startup date [Fri May 26 16:04:03 CST 2017]; root of context hierarchy
2017-05-26 16:04:03,920 [main] [org.springframework.context.support.PropertySourcesPlaceholderConfigurer] [INFO] - Loading properties file from class path resource [mongo.properties]
2017-05-26 16:05:28,385 [main] [org.springframework.context.support.GenericApplicationContext] [INFO] - Bean 'java.util.concurrent.ThreadPoolExecutor$CallerRunsPolicy#73fcd8fb' of type [class java.util.concurrent.ThreadPoolExecutor$CallerRunsPolicy] is not eligible for getting processed by all BeanPostProcessors (for example: not eligible for auto-proxying)
2017-05-26 16:05:28,385 [main] [org.springframework.scheduling.concurrent.ThreadPoolTaskScheduler] [INFO] - Initializing ExecutorService  'springTask'
2017-05-26 16:05:28,387 [main] [org.springframework.context.support.GenericApplicationContext] [INFO] - Bean 'springTask' of type [class org.springframework.scheduling.concurrent.ThreadPoolTaskScheduler] is not eligible for getting processed by all BeanPostProcessors (for example: not eligible for auto-proxying)
2017-05-26 16:05:28,396 [main] [org.springframework.beans.factory.support.DefaultListableBeanFactory] [INFO] - Pre-instantiating singletons in org.springframework.beans.factory.support.DefaultListableBeanFactory@2b709d5f: defining beans [doInit,org.springframework.aop.config.internalAutoProxyCreator,sleep,sleepHelper,org.springframework.context.support.PropertySourcesPlaceholderConfigurer#0,mongo,org.springframework.beans.factory.config.CustomEditorConfigurer#0,org.springframework.beans.factory.config.CustomEditorConfigurer#1,org.springframework.beans.factory.config.CustomEditorConfigurer#2,mongoDbFactory,mongoTemplate,userDao,homeController,org.springframework.context.annotation.internalConfigurationAnnotationProcessor,org.springframework.context.annotation.internalAutowiredAnnotationProcessor,org.springframework.context.annotation.internalRequiredAnnotationProcessor,org.springframework.context.annotation.internalCommonAnnotationProcessor,springTaskManager,org.springframework.context.annotation.internalAsyncAnnotationProcessor,org.springframework.context.annotation.internalScheduledAnnotationProcessor,springTask,org.springframework.context.annotation.ConfigurationClassPostProcessor.importAwareProcessor]; root of factory hierarchy
2017-05-26 16:05:30,611 [main] [UserDAO] [INFO] - UserDAO.add(),一个用户即将被添加...
2017-05-26 16:05:30,658 [main] [UserDAO] [INFO] - UserDAO.add(),一个用户已经被成功添加。
2017-05-26 16:05:30,661 [Thread-2] [org.springframework.context.support.GenericApplicationContext] [INFO] - Closing org.springframework.context.support.GenericApplicationContext@6aae1f6c: startup date [Fri May 26 16:04:03 CST 2017]; root of context hierarchy
2017-05-26 16:05:30,662 [Thread-2] [org.springframework.beans.factory.support.DefaultListableBeanFactory] [INFO] - Destroying singletons in org.springframework.beans.factory.support.DefaultListableBeanFactory@2b709d5f: defining beans [doInit,org.springframework.aop.config.internalAutoProxyCreator,sleep,sleepHelper,org.springframework.context.support.PropertySourcesPlaceholderConfigurer#0,mongo,org.springframework.beans.factory.config.CustomEditorConfigurer#0,org.springframework.beans.factory.config.CustomEditorConfigurer#1,org.springframework.beans.factory.config.CustomEditorConfigurer#2,mongoDbFactory,mongoTemplate,userDao,homeController,org.springframework.context.annotation.internalConfigurationAnnotationProcessor,org.springframework.context.annotation.internalAutowiredAnnotationProcessor,org.springframework.context.annotation.internalRequiredAnnotationProcessor,org.springframework.context.annotation.internalCommonAnnotationProcessor,springTaskManager,org.springframework.context.annotation.internalAsyncAnnotationProcessor,org.springframework.context.annotation.internalScheduledAnnotationProcessor,springTask,org.springframework.context.annotation.ConfigurationClassPostProcessor.importAwareProcessor]; root of factory hierarchy
2017-05-26 16:05:30,664 [Thread-2] [org.springframework.scheduling.concurrent.ThreadPoolTaskScheduler] [INFO] - Shutting down ExecutorService 'springTask'
2017-05-26 16:08:36,639 [RMI TCP Connection(3)-127.0.0.1] [org.springframework.web.context.ContextLoader] [INFO] - Root WebApplicationContext: initialization started
2017-05-26 16:08:36,779 [RMI TCP Connection(3)-127.0.0.1] [org.springframework.web.context.support.XmlWebApplicationContext] [INFO] - Refreshing Root WebApplicationContext: startup date [Fri May 26 16:08:36 CST 2017]; root of context hierarchy
2017-05-26 16:08:36,860 [RMI TCP Connection(3)-127.0.0.1] [org.springframework.beans.factory.xml.XmlBeanDefinitionReader] [INFO] - Loading XML bean definitions from class path resource [spring-context.xml]
2017-05-26 16:08:37,051 [RMI TCP Connection(3)-127.0.0.1] [org.springframework.beans.factory.xml.XmlBeanDefinitionReader] [INFO] - Loading XML bean definitions from class path resource [mongodb-context.xml]
2017-05-26 16:08:37,578 [RMI TCP Connection(3)-127.0.0.1] [org.springframework.context.support.PropertySourcesPlaceholderConfigurer] [INFO] - Loading properties file from ServletContext resource [/mongo.properties]
2017-05-26 16:08:37,580 [RMI TCP Connection(3)-127.0.0.1] [org.springframework.beans.factory.support.DefaultListableBeanFactory] [INFO] - Destroying singletons in org.springframework.beans.factory.support.DefaultListableBeanFactory@5fffaddc: defining beans [doInit,org.springframework.aop.config.internalAutoProxyCreator,sleep,sleepHelper,org.springframework.context.support.PropertySourcesPlaceholderConfigurer#0,mongo,org.springframework.beans.factory.config.CustomEditorConfigurer#0,org.springframework.beans.factory.config.CustomEditorConfigurer#1,org.springframework.beans.factory.config.CustomEditorConfigurer#2,mongoDbFactory,mongoTemplate,userDao,homeController,org.springframework.context.annotation.internalConfigurationAnnotationProcessor,org.springframework.context.annotation.internalAutowiredAnnotationProcessor,org.springframework.context.annotation.internalRequiredAnnotationProcessor,org.springframework.context.annotation.internalCommonAnnotationProcessor,springTaskManager,org.springframework.context.annotation.internalAsyncAnnotationProcessor,org.springframework.context.annotation.internalScheduledAnnotationProcessor,springTask,org.springframework.context.annotation.ConfigurationClassPostProcessor.importAwareProcessor]; root of factory hierarchy
2017-05-26 16:08:37,581 [RMI TCP Connection(3)-127.0.0.1] [org.springframework.web.context.ContextLoader] [ERROR] - Context initialization failed
org.springframework.beans.factory.BeanInitializationException: Could not load properties; nested exception is java.io.FileNotFoundException: Could not open ServletContext resource [/mongo.properties]
	at org.springframework.context.support.PropertySourcesPlaceholderConfigurer.postProcessBeanFactory(PropertySourcesPlaceholderConfigurer.java:147)
	at org.springframework.context.support.AbstractApplicationContext.invokeBeanFactoryPostProcessors(AbstractApplicationContext.java:694)
	at org.springframework.context.support.AbstractApplicationContext.invokeBeanFactoryPostProcessors(AbstractApplicationContext.java:669)
	at org.springframework.context.support.AbstractApplicationContext.refresh(AbstractApplicationContext.java:461)
	at org.springframework.web.context.ContextLoader.configureAndRefreshWebApplicationContext(ContextLoader.java:410)
	at org.springframework.web.context.ContextLoader.initWebApplicationContext(ContextLoader.java:306)
	at org.springframework.web.context.ContextLoaderListener.contextInitialized(ContextLoaderListener.java:112)
	at org.apache.catalina.core.StandardContext.listenerStart(StandardContext.java:5003)
	at org.apache.catalina.core.StandardContext.startInternal(StandardContext.java:5517)
	at org.apache.catalina.util.LifecycleBase.start(LifecycleBase.java:150)
	at org.apache.catalina.core.ContainerBase.addChildInternal(ContainerBase.java:901)
	at org.apache.catalina.core.ContainerBase.addChild(ContainerBase.java:877)
	at org.apache.catalina.core.StandardHost.addChild(StandardHost.java:652)
	at org.apache.catalina.startup.HostConfig.manageApp(HostConfig.java:1809)
	at sun.reflect.NativeMethodAccessorImpl.invoke0(Native Method)
	at sun.reflect.NativeMethodAccessorImpl.invoke(NativeMethodAccessorImpl.java:57)
	at sun.reflect.DelegatingMethodAccessorImpl.invoke(DelegatingMethodAccessorImpl.java:43)
	at java.lang.reflect.Method.invoke(Method.java:606)
	at org.apache.tomcat.util.modeler.BaseModelMBean.invoke(BaseModelMBean.java:301)
	at com.sun.jmx.interceptor.DefaultMBeanServerInterceptor.invoke(DefaultMBeanServerInterceptor.java:819)
	at com.sun.jmx.mbeanserver.JmxMBeanServer.invoke(JmxMBeanServer.java:801)
	at org.apache.catalina.mbeans.MBeanFactory.createStandardContext(MBeanFactory.java:618)
	at org.apache.catalina.mbeans.MBeanFactory.createStandardContext(MBeanFactory.java:565)
	at sun.reflect.NativeMethodAccessorImpl.invoke0(Native Method)
	at sun.reflect.NativeMethodAccessorImpl.invoke(NativeMethodAccessorImpl.java:57)
	at sun.reflect.DelegatingMethodAccessorImpl.invoke(DelegatingMethodAccessorImpl.java:43)
	at java.lang.reflect.Method.invoke(Method.java:606)
	at org.apache.tomcat.util.modeler.BaseModelMBean.invoke(BaseModelMBean.java:301)
	at com.sun.jmx.interceptor.DefaultMBeanServerInterceptor.invoke(DefaultMBeanServerInterceptor.java:819)
	at com.sun.jmx.mbeanserver.JmxMBeanServer.invoke(JmxMBeanServer.java:801)
	at javax.management.remote.rmi.RMIConnectionImpl.doOperation(RMIConnectionImpl.java:1487)
	at javax.management.remote.rmi.RMIConnectionImpl.access$300(RMIConnectionImpl.java:97)
	at javax.management.remote.rmi.RMIConnectionImpl$PrivilegedOperation.run(RMIConnectionImpl.java:1328)
	at javax.management.remote.rmi.RMIConnectionImpl.doPrivilegedOperation(RMIConnectionImpl.java:1420)
	at javax.management.remote.rmi.RMIConnectionImpl.invoke(RMIConnectionImpl.java:848)
	at sun.reflect.NativeMethodAccessorImpl.invoke0(Native Method)
	at sun.reflect.NativeMethodAccessorImpl.invoke(NativeMethodAccessorImpl.java:57)
	at sun.reflect.DelegatingMethodAccessorImpl.invoke(DelegatingMethodAccessorImpl.java:43)
	at java.lang.reflect.Method.invoke(Method.java:606)
	at sun.rmi.server.UnicastServerRef.dispatch(UnicastServerRef.java:322)
	at sun.rmi.transport.Transport$2.run(Transport.java:202)
	at sun.rmi.transport.Transport$2.run(Transport.java:199)
	at java.security.AccessController.doPrivileged(Native Method)
	at sun.rmi.transport.Transport.serviceCall(Transport.java:198)
	at sun.rmi.transport.tcp.TCPTransport.handleMessages(TCPTransport.java:567)
	at sun.rmi.transport.tcp.TCPTransport$ConnectionHandler.run0(TCPTransport.java:828)
	at sun.rmi.transport.tcp.TCPTransport$ConnectionHandler.access$400(TCPTransport.java:619)
	at sun.rmi.transport.tcp.TCPTransport$ConnectionHandler$1.run(TCPTransport.java:684)
	at sun.rmi.transport.tcp.TCPTransport$ConnectionHandler$1.run(TCPTransport.java:681)
	at java.security.AccessController.doPrivileged(Native Method)
	at sun.rmi.transport.tcp.TCPTransport$ConnectionHandler.run(TCPTransport.java:681)
	at java.util.concurrent.ThreadPoolExecutor.runWorker(ThreadPoolExecutor.java:1145)
	at java.util.concurrent.ThreadPoolExecutor$Worker.run(ThreadPoolExecutor.java:615)
	at java.lang.Thread.run(Thread.java:745)
Caused by: java.io.FileNotFoundException: Could not open ServletContext resource [/mongo.properties]
	at org.springframework.web.context.support.ServletContextResource.getInputStream(ServletContextResource.java:140)
	at org.springframework.core.io.support.EncodedResource.getInputStream(EncodedResource.java:143)
	at org.springframework.core.io.support.PropertiesLoaderUtils.fillProperties(PropertiesLoaderUtils.java:98)
	at org.springframework.core.io.support.PropertiesLoaderSupport.loadProperties(PropertiesLoaderSupport.java:175)
	at org.springframework.core.io.support.PropertiesLoaderSupport.mergeProperties(PropertiesLoaderSupport.java:156)
	at org.springframework.context.support.PropertySourcesPlaceholderConfigurer.postProcessBeanFactory(PropertySourcesPlaceholderConfigurer.java:137)
	... 53 more
2017-05-26 16:12:00,560 [RMI TCP Connection(5)-127.0.0.1] [org.springframework.web.context.ContextLoader] [INFO] - Root WebApplicationContext: initialization started
2017-05-26 16:12:00,708 [RMI TCP Connection(5)-127.0.0.1] [org.springframework.web.context.support.XmlWebApplicationContext] [INFO] - Refreshing Root WebApplicationContext: startup date [Fri May 26 16:12:00 CST 2017]; root of context hierarchy
2017-05-26 16:12:00,788 [RMI TCP Connection(5)-127.0.0.1] [org.springframework.beans.factory.xml.XmlBeanDefinitionReader] [INFO] - Loading XML bean definitions from class path resource [spring-context.xml]
2017-05-26 16:12:00,983 [RMI TCP Connection(5)-127.0.0.1] [org.springframework.beans.factory.xml.XmlBeanDefinitionReader] [INFO] - Loading XML bean definitions from class path resource [mongodb-context.xml]
2017-05-26 16:12:01,531 [RMI TCP Connection(5)-127.0.0.1] [org.springframework.context.support.PropertySourcesPlaceholderConfigurer] [INFO] - Loading properties file from ServletContext resource [/mongo.properties]
2017-05-26 16:12:01,533 [RMI TCP Connection(5)-127.0.0.1] [org.springframework.beans.factory.support.DefaultListableBeanFactory] [INFO] - Destroying singletons in org.springframework.beans.factory.support.DefaultListableBeanFactory@67976429: defining beans [doInit,org.springframework.aop.config.internalAutoProxyCreator,sleep,sleepHelper,org.springframework.context.support.PropertySourcesPlaceholderConfigurer#0,mongo,org.springframework.beans.factory.config.CustomEditorConfigurer#0,org.springframework.beans.factory.config.CustomEditorConfigurer#1,org.springframework.beans.factory.config.CustomEditorConfigurer#2,mongoDbFactory,mongoTemplate,userDao,homeController,org.springframework.context.annotation.internalConfigurationAnnotationProcessor,org.springframework.context.annotation.internalAutowiredAnnotationProcessor,org.springframework.context.annotation.internalRequiredAnnotationProcessor,org.springframework.context.annotation.internalCommonAnnotationProcessor,springTaskManager,org.springframework.context.annotation.internalAsyncAnnotationProcessor,org.springframework.context.annotation.internalScheduledAnnotationProcessor,springTask,org.springframework.context.annotation.ConfigurationClassPostProcessor.importAwareProcessor]; root of factory hierarchy
2017-05-26 16:12:01,535 [RMI TCP Connection(5)-127.0.0.1] [org.springframework.web.context.ContextLoader] [ERROR] - Context initialization failed
org.springframework.beans.factory.BeanInitializationException: Could not load properties; nested exception is java.io.FileNotFoundException: Could not open ServletContext resource [/mongo.properties]
	at org.springframework.context.support.PropertySourcesPlaceholderConfigurer.postProcessBeanFactory(PropertySourcesPlaceholderConfigurer.java:147)
	at org.springframework.context.support.AbstractApplicationContext.invokeBeanFactoryPostProcessors(AbstractApplicationContext.java:694)
	at org.springframework.context.support.AbstractApplicationContext.invokeBeanFactoryPostProcessors(AbstractApplicationContext.java:669)
	at org.springframework.context.support.AbstractApplicationContext.refresh(AbstractApplicationContext.java:461)
	at org.springframework.web.context.ContextLoader.configureAndRefreshWebApplicationContext(ContextLoader.java:410)
	at org.springframework.web.context.ContextLoader.initWebApplicationContext(ContextLoader.java:306)
	at org.springframework.web.context.ContextLoaderListener.contextInitialized(ContextLoaderListener.java:112)
	at org.apache.catalina.core.StandardContext.listenerStart(StandardContext.java:5003)
	at org.apache.catalina.core.StandardContext.startInternal(StandardContext.java:5517)
	at org.apache.catalina.util.LifecycleBase.start(LifecycleBase.java:150)
	at org.apache.catalina.core.ContainerBase.addChildInternal(ContainerBase.java:901)
	at org.apache.catalina.core.ContainerBase.addChild(ContainerBase.java:877)
	at org.apache.catalina.core.StandardHost.addChild(StandardHost.java:652)
	at org.apache.catalina.startup.HostConfig.manageApp(HostConfig.java:1809)
	at sun.reflect.NativeMethodAccessorImpl.invoke0(Native Method)
	at sun.reflect.NativeMethodAccessorImpl.invoke(NativeMethodAccessorImpl.java:57)
	at sun.reflect.DelegatingMethodAccessorImpl.invoke(DelegatingMethodAccessorImpl.java:43)
	at java.lang.reflect.Method.invoke(Method.java:606)
	at org.apache.tomcat.util.modeler.BaseModelMBean.invoke(BaseModelMBean.java:301)
	at com.sun.jmx.interceptor.DefaultMBeanServerInterceptor.invoke(DefaultMBeanServerInterceptor.java:819)
	at com.sun.jmx.mbeanserver.JmxMBeanServer.invoke(JmxMBeanServer.java:801)
	at org.apache.catalina.mbeans.MBeanFactory.createStandardContext(MBeanFactory.java:618)
	at org.apache.catalina.mbeans.MBeanFactory.createStandardContext(MBeanFactory.java:565)
	at sun.reflect.NativeMethodAccessorImpl.invoke0(Native Method)
	at sun.reflect.NativeMethodAccessorImpl.invoke(NativeMethodAccessorImpl.java:57)
	at sun.reflect.DelegatingMethodAccessorImpl.invoke(DelegatingMethodAccessorImpl.java:43)
	at java.lang.reflect.Method.invoke(Method.java:606)
	at org.apache.tomcat.util.modeler.BaseModelMBean.invoke(BaseModelMBean.java:301)
	at com.sun.jmx.interceptor.DefaultMBeanServerInterceptor.invoke(DefaultMBeanServerInterceptor.java:819)
	at com.sun.jmx.mbeanserver.JmxMBeanServer.invoke(JmxMBeanServer.java:801)
	at javax.management.remote.rmi.RMIConnectionImpl.doOperation(RMIConnectionImpl.java:1487)
	at javax.management.remote.rmi.RMIConnectionImpl.access$300(RMIConnectionImpl.java:97)
	at javax.management.remote.rmi.RMIConnectionImpl$PrivilegedOperation.run(RMIConnectionImpl.java:1328)
	at javax.management.remote.rmi.RMIConnectionImpl.doPrivilegedOperation(RMIConnectionImpl.java:1420)
	at javax.management.remote.rmi.RMIConnectionImpl.invoke(RMIConnectionImpl.java:848)
	at sun.reflect.NativeMethodAccessorImpl.invoke0(Native Method)
	at sun.reflect.NativeMethodAccessorImpl.invoke(NativeMethodAccessorImpl.java:57)
	at sun.reflect.DelegatingMethodAccessorImpl.invoke(DelegatingMethodAccessorImpl.java:43)
	at java.lang.reflect.Method.invoke(Method.java:606)
	at sun.rmi.server.UnicastServerRef.dispatch(UnicastServerRef.java:322)
	at sun.rmi.transport.Transport$2.run(Transport.java:202)
	at sun.rmi.transport.Transport$2.run(Transport.java:199)
	at java.security.AccessController.doPrivileged(Native Method)
	at sun.rmi.transport.Transport.serviceCall(Transport.java:198)
	at sun.rmi.transport.tcp.TCPTransport.handleMessages(TCPTransport.java:567)
	at sun.rmi.transport.tcp.TCPTransport$ConnectionHandler.run0(TCPTransport.java:828)
	at sun.rmi.transport.tcp.TCPTransport$ConnectionHandler.access$400(TCPTransport.java:619)
	at sun.rmi.transport.tcp.TCPTransport$ConnectionHandler$1.run(TCPTransport.java:684)
	at sun.rmi.transport.tcp.TCPTransport$ConnectionHandler$1.run(TCPTransport.java:681)
	at java.security.AccessController.doPrivileged(Native Method)
	at sun.rmi.transport.tcp.TCPTransport$ConnectionHandler.run(TCPTransport.java:681)
	at java.util.concurrent.ThreadPoolExecutor.runWorker(ThreadPoolExecutor.java:1145)
	at java.util.concurrent.ThreadPoolExecutor$Worker.run(ThreadPoolExecutor.java:615)
	at java.lang.Thread.run(Thread.java:745)
Caused by: java.io.FileNotFoundException: Could not open ServletContext resource [/mongo.properties]
	at org.springframework.web.context.support.ServletContextResource.getInputStream(ServletContextResource.java:140)
	at org.springframework.core.io.support.EncodedResource.getInputStream(EncodedResource.java:143)
	at org.springframework.core.io.support.PropertiesLoaderUtils.fillProperties(PropertiesLoaderUtils.java:98)
	at org.springframework.core.io.support.PropertiesLoaderSupport.loadProperties(PropertiesLoaderSupport.java:175)
	at org.springframework.core.io.support.PropertiesLoaderSupport.mergeProperties(PropertiesLoaderSupport.java:156)
	at org.springframework.context.support.PropertySourcesPlaceholderConfigurer.postProcessBeanFactory(PropertySourcesPlaceholderConfigurer.java:137)
	... 53 more
2017-05-26 16:13:07,426 [main] [org.springframework.beans.factory.xml.XmlBeanDefinitionReader] [INFO] - Loading XML bean definitions from class path resource [spring-context.xml]
2017-05-26 16:13:07,869 [main] [org.springframework.beans.factory.xml.XmlBeanDefinitionReader] [INFO] - Loading XML bean definitions from class path resource [mongodb-context.xml]
2017-05-26 16:13:08,248 [main] [org.springframework.context.support.GenericApplicationContext] [INFO] - Refreshing org.springframework.context.support.GenericApplicationContext@7809ead8: startup date [Fri May 26 16:13:08 CST 2017]; root of context hierarchy
2017-05-26 16:13:08,500 [main] [org.springframework.context.support.PropertySourcesPlaceholderConfigurer] [INFO] - Loading properties file from class path resource [mongo.properties]
2017-05-26 16:13:08,693 [main] [org.springframework.context.support.GenericApplicationContext] [INFO] - Bean 'java.util.concurrent.ThreadPoolExecutor$CallerRunsPolicy#21a52ed3' of type [class java.util.concurrent.ThreadPoolExecutor$CallerRunsPolicy] is not eligible for getting processed by all BeanPostProcessors (for example: not eligible for auto-proxying)
2017-05-26 16:13:08,694 [main] [org.springframework.scheduling.concurrent.ThreadPoolTaskScheduler] [INFO] - Initializing ExecutorService  'springTask'
2017-05-26 16:13:08,696 [main] [org.springframework.context.support.GenericApplicationContext] [INFO] - Bean 'springTask' of type [class org.springframework.scheduling.concurrent.ThreadPoolTaskScheduler] is not eligible for getting processed by all BeanPostProcessors (for example: not eligible for auto-proxying)
2017-05-26 16:13:08,708 [main] [org.springframework.beans.factory.support.DefaultListableBeanFactory] [INFO] - Pre-instantiating singletons in org.springframework.beans.factory.support.DefaultListableBeanFactory@f570667: defining beans [doInit,org.springframework.aop.config.internalAutoProxyCreator,sleep,sleepHelper,org.springframework.context.support.PropertySourcesPlaceholderConfigurer#0,mongo,org.springframework.beans.factory.config.CustomEditorConfigurer#0,org.springframework.beans.factory.config.CustomEditorConfigurer#1,org.springframework.beans.factory.config.CustomEditorConfigurer#2,mongoDbFactory,mongoTemplate,userDao,homeController,org.springframework.context.annotation.internalConfigurationAnnotationProcessor,org.springframework.context.annotation.internalAutowiredAnnotationProcessor,org.springframework.context.annotation.internalRequiredAnnotationProcessor,org.springframework.context.annotation.internalCommonAnnotationProcessor,springTaskManager,org.springframework.context.annotation.internalAsyncAnnotationProcessor,org.springframework.context.annotation.internalScheduledAnnotationProcessor,springTask,org.springframework.context.annotation.ConfigurationClassPostProcessor.importAwareProcessor]; root of factory hierarchy
2017-05-26 16:13:10,424 [main] [SleepHelper] [INFO] - 进入方法-环绕通知
2017-05-26 16:13:10,424 [main] [SleepHelper] [INFO] - 前置通知：觉前要脱衣服
2017-05-26 16:13:10,424 [main] [SleepHelper] [INFO] - 退出方法-环绕通知
2017-05-26 16:13:10,424 [main] [SleepHelper] [INFO] - 最终通知
2017-05-26 16:13:10,424 [main] [SleepHelper] [INFO] - 后置通知：睡醒了要穿衣服 睡觉中。。。梦中自有颜如玉。
2017-05-26 16:13:10,427 [Thread-2] [org.springframework.context.support.GenericApplicationContext] [INFO] - Closing org.springframework.context.support.GenericApplicationContext@7809ead8: startup date [Fri May 26 16:13:08 CST 2017]; root of context hierarchy
2017-05-26 16:13:10,428 [Thread-2] [org.springframework.beans.factory.support.DefaultListableBeanFactory] [INFO] - Destroying singletons in org.springframework.beans.factory.support.DefaultListableBeanFactory@f570667: defining beans [doInit,org.springframework.aop.config.internalAutoProxyCreator,sleep,sleepHelper,org.springframework.context.support.PropertySourcesPlaceholderConfigurer#0,mongo,org.springframework.beans.factory.config.CustomEditorConfigurer#0,org.springframework.beans.factory.config.CustomEditorConfigurer#1,org.springframework.beans.factory.config.CustomEditorConfigurer#2,mongoDbFactory,mongoTemplate,userDao,homeController,org.springframework.context.annotation.internalConfigurationAnnotationProcessor,org.springframework.context.annotation.internalAutowiredAnnotationProcessor,org.springframework.context.annotation.internalRequiredAnnotationProcessor,org.springframework.context.annotation.internalCommonAnnotationProcessor,springTaskManager,org.springframework.context.annotation.internalAsyncAnnotationProcessor,org.springframework.context.annotation.internalScheduledAnnotationProcessor,springTask,org.springframework.context.annotation.ConfigurationClassPostProcessor.importAwareProcessor]; root of factory hierarchy
2017-05-26 16:13:10,430 [Thread-2] [org.springframework.scheduling.concurrent.ThreadPoolTaskScheduler] [INFO] - Shutting down ExecutorService 'springTask'
